{"/Users/richardgarcia/Documents/proyects/proyecto-psuia/frontend/src/App.js": {"path":"/Users/richardgarcia/Documents/proyects/proyecto-psuia/frontend/src/App.js","statementMap":{"0":{"start":{"line":22,"column":19},"end":{"line":22,"column":32}},"1":{"start":{"line":24,"column":4},"end":{"line":24,"column":71}},"2":{"start":{"line":25,"column":26},"end":{"line":25,"column":55}},"3":{"start":{"line":27,"column":2},"end":{"line":83,"column":4}},"4":{"start":{"line":87,"column":2},"end":{"line":91,"column":4}}},"fnMap":{"0":{"name":"AppContent","decl":{"start":{"line":21,"column":9},"end":{"line":21,"column":19}},"loc":{"start":{"line":21,"column":22},"end":{"line":84,"column":1}},"line":21},"1":{"name":"App","decl":{"start":{"line":86,"column":9},"end":{"line":86,"column":12}},"loc":{"start":{"line":86,"column":15},"end":{"line":92,"column":1}},"line":86}},"branchMap":{"0":{"loc":{"start":{"line":24,"column":4},"end":{"line":24,"column":71}},"type":"binary-expr","locations":[{"start":{"line":24,"column":4},"end":{"line":24,"column":34}},{"start":{"line":24,"column":38},"end":{"line":24,"column":71}}],"line":24},"1":{"loc":{"start":{"line":29,"column":7},"end":{"line":73,"column":7}},"type":"binary-expr","locations":[{"start":{"line":29,"column":7},"end":{"line":29,"column":22}},{"start":{"line":29,"column":26},"end":{"line":29,"column":37}},{"start":{"line":30,"column":8},"end":{"line":72,"column":11}}],"line":29},"2":{"loc":{"start":{"line":74,"column":7},"end":{"line":81,"column":7}},"type":"binary-expr","locations":[{"start":{"line":74,"column":8},"end":{"line":74,"column":24}},{"start":{"line":74,"column":28},"end":{"line":74,"column":38}},{"start":{"line":75,"column":8},"end":{"line":80,"column":17}}],"line":74}},"s":{"0":0,"1":0,"2":0,"3":0,"4":0},"f":{"0":0,"1":0},"b":{"0":[0,0],"1":[0,0,0],"2":[0,0,0]}}
,"/Users/richardgarcia/Documents/proyects/proyecto-psuia/frontend/src/components/Budgets.js": {"path":"/Users/richardgarcia/Documents/proyects/proyecto-psuia/frontend/src/components/Budgets.js","statementMap":{"0":{"start":{"line":21,"column":16},"end":{"line":654,"column":1}},"1":{"start":{"line":22,"column":32},"end":{"line":22,"column":44}},"2":{"start":{"line":23,"column":34},"end":{"line":23,"column":48}},"3":{"start":{"line":24,"column":38},"end":{"line":24,"column":50}},"4":{"start":{"line":25,"column":32},"end":{"line":25,"column":46}},"5":{"start":{"line":26,"column":36},"end":{"line":26,"column":51}},"6":{"start":{"line":27,"column":44},"end":{"line":27,"column":58}},"7":{"start":{"line":29,"column":22},"end":{"line":29,"column":32}},"8":{"start":{"line":30,"column":44},"end":{"line":32,"column":3}},"9":{"start":{"line":33,"column":42},"end":{"line":33,"column":77}},"10":{"start":{"line":35,"column":34},"end":{"line":40,"column":4}},"11":{"start":{"line":42,"column":2},"end":{"line":44,"column":9}},"12":{"start":{"line":43,"column":4},"end":{"line":43,"column":21}},"13":{"start":{"line":46,"column":2},"end":{"line":49,"column":36}},"14":{"start":{"line":47,"column":4},"end":{"line":47,"column":18}},"15":{"start":{"line":48,"column":4},"end":{"line":48,"column":19}},"16":{"start":{"line":51,"column":25},"end":{"line":58,"column":3}},"17":{"start":{"line":52,"column":4},"end":{"line":57,"column":5}},"18":{"start":{"line":53,"column":19},"end":{"line":53,"column":58}},"19":{"start":{"line":54,"column":6},"end":{"line":54,"column":26}},"20":{"start":{"line":56,"column":6},"end":{"line":56,"column":58}},"21":{"start":{"line":60,"column":22},"end":{"line":70,"column":3}},"22":{"start":{"line":61,"column":4},"end":{"line":69,"column":5}},"23":{"start":{"line":62,"column":6},"end":{"line":62,"column":23}},"24":{"start":{"line":63,"column":19},"end":{"line":63,"column":74}},"25":{"start":{"line":64,"column":6},"end":{"line":64,"column":23}},"26":{"start":{"line":66,"column":6},"end":{"line":66,"column":60}},"27":{"start":{"line":68,"column":6},"end":{"line":68,"column":24}},"28":{"start":{"line":72,"column":23},"end":{"line":79,"column":3}},"29":{"start":{"line":73,"column":4},"end":{"line":78,"column":5}},"30":{"start":{"line":74,"column":19},"end":{"line":74,"column":79}},"31":{"start":{"line":75,"column":6},"end":{"line":75,"column":24}},"32":{"start":{"line":77,"column":6},"end":{"line":77,"column":56}},"33":{"start":{"line":81,"column":26},"end":{"line":100,"column":3}},"34":{"start":{"line":82,"column":4},"end":{"line":98,"column":5}},"35":{"start":{"line":83,"column":6},"end":{"line":83,"column":31}},"36":{"start":{"line":84,"column":6},"end":{"line":89,"column":9}},"37":{"start":{"line":91,"column":6},"end":{"line":91,"column":29}},"38":{"start":{"line":92,"column":6},"end":{"line":97,"column":9}},"39":{"start":{"line":99,"column":4},"end":{"line":99,"column":23}},"40":{"start":{"line":102,"column":27},"end":{"line":105,"column":3}},"41":{"start":{"line":103,"column":4},"end":{"line":103,"column":24}},"42":{"start":{"line":104,"column":4},"end":{"line":104,"column":27}},"43":{"start":{"line":107,"column":23},"end":{"line":117,"column":3}},"44":{"start":{"line":108,"column":4},"end":{"line":108,"column":23}},"45":{"start":{"line":109,"column":4},"end":{"line":116,"column":5}},"46":{"start":{"line":110,"column":6},"end":{"line":110,"column":43}},"47":{"start":{"line":111,"column":6},"end":{"line":111,"column":25}},"48":{"start":{"line":112,"column":6},"end":{"line":112,"column":20}},"49":{"start":{"line":113,"column":6},"end":{"line":113,"column":21}},"50":{"start":{"line":115,"column":6},"end":{"line":115,"column":44}},"51":{"start":{"line":119,"column":23},"end":{"line":129,"column":3}},"52":{"start":{"line":120,"column":4},"end":{"line":128,"column":5}},"53":{"start":{"line":121,"column":6},"end":{"line":127,"column":7}},"54":{"start":{"line":122,"column":8},"end":{"line":122,"column":39}},"55":{"start":{"line":123,"column":8},"end":{"line":123,"column":22}},"56":{"start":{"line":124,"column":8},"end":{"line":124,"column":23}},"57":{"start":{"line":126,"column":8},"end":{"line":126,"column":47}},"58":{"start":{"line":131,"column":25},"end":{"line":136,"column":3}},"59":{"start":{"line":132,"column":4},"end":{"line":135,"column":22}},"60":{"start":{"line":138,"column":23},"end":{"line":154,"column":3}},"61":{"start":{"line":139,"column":19},"end":{"line":152,"column":5}},"62":{"start":{"line":153,"column":4},"end":{"line":153,"column":29}},"63":{"start":{"line":156,"column":27},"end":{"line":160,"column":3}},"64":{"start":{"line":157,"column":4},"end":{"line":157,"column":42}},"65":{"start":{"line":157,"column":25},"end":{"line":157,"column":42}},"66":{"start":{"line":158,"column":4},"end":{"line":158,"column":42}},"67":{"start":{"line":158,"column":25},"end":{"line":158,"column":42}},"68":{"start":{"line":159,"column":4},"end":{"line":159,"column":21}},"69":{"start":{"line":162,"column":24},"end":{"line":169,"column":3}},"70":{"start":{"line":163,"column":4},"end":{"line":167,"column":5}},"71":{"start":{"line":164,"column":6},"end":{"line":164,"column":57}},"72":{"start":{"line":165,"column":11},"end":{"line":167,"column":5}},"73":{"start":{"line":166,"column":6},"end":{"line":166,"column":57}},"74":{"start":{"line":168,"column":4},"end":{"line":168,"column":53}},"75":{"start":{"line":171,"column":2},"end":{"line":173,"column":3}},"76":{"start":{"line":172,"column":4},"end":{"line":172,"column":67}},"77":{"start":{"line":175,"column":2},"end":{"line":653,"column":4}},"78":{"start":{"line":192,"column":31},"end":{"line":192,"column":48}},"79":{"start":{"line":205,"column":31},"end":{"line":205,"column":73}},"80":{"start":{"line":207,"column":52},"end":{"line":207,"column":57}},"81":{"start":{"line":208,"column":16},"end":{"line":210,"column":25}},"82":{"start":{"line":218,"column":31},"end":{"line":218,"column":72}},"83":{"start":{"line":222,"column":26},"end":{"line":222,"column":59}},"84":{"start":{"line":224,"column":16},"end":{"line":226,"column":25}},"85":{"start":{"line":322,"column":20},"end":{"line":322,"column":77}},"86":{"start":{"line":326,"column":20},"end":{"line":326,"column":78}},"87":{"start":{"line":329,"column":47},"end":{"line":329,"column":68}},"88":{"start":{"line":352,"column":20},"end":{"line":352,"column":67}},"89":{"start":{"line":358,"column":47},"end":{"line":358,"column":68}},"90":{"start":{"line":379,"column":14},"end":{"line":504,"column":20}},"91":{"start":{"line":429,"column":37},"end":{"line":429,"column":60}},"92":{"start":{"line":436,"column":37},"end":{"line":436,"column":60}},"93":{"start":{"line":552,"column":20},"end":{"line":552,"column":76}},"94":{"start":{"line":559,"column":20},"end":{"line":561,"column":29}},"95":{"start":{"line":574,"column":20},"end":{"line":574,"column":72}},"96":{"start":{"line":586,"column":22},"end":{"line":589,"column":24}},"97":{"start":{"line":594,"column":58},"end":{"line":594,"column":63}},"98":{"start":{"line":596,"column":24},"end":{"line":598,"column":33}},"99":{"start":{"line":609,"column":22},"end":{"line":612,"column":24}},"100":{"start":{"line":619,"column":32},"end":{"line":619,"column":65}},"101":{"start":{"line":621,"column":22},"end":{"line":623,"column":31}}},"fnMap":{"0":{"name":"(anonymous_0)","decl":{"start":{"line":21,"column":16},"end":{"line":21,"column":17}},"loc":{"start":{"line":21,"column":22},"end":{"line":654,"column":1}},"line":21},"1":{"name":"(anonymous_1)","decl":{"start":{"line":42,"column":12},"end":{"line":42,"column":13}},"loc":{"start":{"line":42,"column":18},"end":{"line":44,"column":3}},"line":42},"2":{"name":"(anonymous_2)","decl":{"start":{"line":46,"column":12},"end":{"line":46,"column":13}},"loc":{"start":{"line":46,"column":18},"end":{"line":49,"column":3}},"line":46},"3":{"name":"(anonymous_3)","decl":{"start":{"line":51,"column":25},"end":{"line":51,"column":26}},"loc":{"start":{"line":51,"column":37},"end":{"line":58,"column":3}},"line":51},"4":{"name":"(anonymous_4)","decl":{"start":{"line":60,"column":22},"end":{"line":60,"column":23}},"loc":{"start":{"line":60,"column":34},"end":{"line":70,"column":3}},"line":60},"5":{"name":"(anonymous_5)","decl":{"start":{"line":72,"column":23},"end":{"line":72,"column":24}},"loc":{"start":{"line":72,"column":35},"end":{"line":79,"column":3}},"line":72},"6":{"name":"(anonymous_6)","decl":{"start":{"line":81,"column":26},"end":{"line":81,"column":27}},"loc":{"start":{"line":81,"column":45},"end":{"line":100,"column":3}},"line":81},"7":{"name":"(anonymous_7)","decl":{"start":{"line":102,"column":27},"end":{"line":102,"column":28}},"loc":{"start":{"line":102,"column":33},"end":{"line":105,"column":3}},"line":102},"8":{"name":"(anonymous_8)","decl":{"start":{"line":107,"column":23},"end":{"line":107,"column":24}},"loc":{"start":{"line":107,"column":36},"end":{"line":117,"column":3}},"line":107},"9":{"name":"(anonymous_9)","decl":{"start":{"line":119,"column":23},"end":{"line":119,"column":24}},"loc":{"start":{"line":119,"column":37},"end":{"line":129,"column":3}},"line":119},"10":{"name":"(anonymous_10)","decl":{"start":{"line":131,"column":25},"end":{"line":131,"column":26}},"loc":{"start":{"line":131,"column":37},"end":{"line":136,"column":3}},"line":131},"11":{"name":"(anonymous_11)","decl":{"start":{"line":138,"column":23},"end":{"line":138,"column":24}},"loc":{"start":{"line":138,"column":34},"end":{"line":154,"column":3}},"line":138},"12":{"name":"(anonymous_12)","decl":{"start":{"line":156,"column":27},"end":{"line":156,"column":28}},"loc":{"start":{"line":156,"column":43},"end":{"line":160,"column":3}},"line":156},"13":{"name":"(anonymous_13)","decl":{"start":{"line":162,"column":24},"end":{"line":162,"column":25}},"loc":{"start":{"line":162,"column":36},"end":{"line":169,"column":3}},"line":162},"14":{"name":"(anonymous_14)","decl":{"start":{"line":192,"column":25},"end":{"line":192,"column":26}},"loc":{"start":{"line":192,"column":31},"end":{"line":192,"column":48}},"line":192},"15":{"name":"(anonymous_15)","decl":{"start":{"line":205,"column":24},"end":{"line":205,"column":25}},"loc":{"start":{"line":205,"column":31},"end":{"line":205,"column":73}},"line":205},"16":{"name":"(anonymous_16)","decl":{"start":{"line":207,"column":42},"end":{"line":207,"column":43}},"loc":{"start":{"line":207,"column":52},"end":{"line":207,"column":57}},"line":207},"17":{"name":"(anonymous_17)","decl":{"start":{"line":207,"column":63},"end":{"line":207,"column":64}},"loc":{"start":{"line":208,"column":16},"end":{"line":210,"column":25}},"line":208},"18":{"name":"(anonymous_18)","decl":{"start":{"line":218,"column":24},"end":{"line":218,"column":25}},"loc":{"start":{"line":218,"column":31},"end":{"line":218,"column":72}},"line":218},"19":{"name":"(anonymous_19)","decl":{"start":{"line":222,"column":16},"end":{"line":222,"column":17}},"loc":{"start":{"line":222,"column":26},"end":{"line":222,"column":59}},"line":222},"20":{"name":"(anonymous_20)","decl":{"start":{"line":223,"column":20},"end":{"line":223,"column":21}},"loc":{"start":{"line":224,"column":16},"end":{"line":226,"column":25}},"line":224},"21":{"name":"(anonymous_21)","decl":{"start":{"line":321,"column":25},"end":{"line":321,"column":26}},"loc":{"start":{"line":322,"column":20},"end":{"line":322,"column":77}},"line":322},"22":{"name":"(anonymous_22)","decl":{"start":{"line":325,"column":40},"end":{"line":325,"column":41}},"loc":{"start":{"line":326,"column":20},"end":{"line":326,"column":78}},"line":326},"23":{"name":"(anonymous_23)","decl":{"start":{"line":329,"column":36},"end":{"line":329,"column":37}},"loc":{"start":{"line":329,"column":47},"end":{"line":329,"column":68}},"line":329},"24":{"name":"(anonymous_24)","decl":{"start":{"line":351,"column":25},"end":{"line":351,"column":26}},"loc":{"start":{"line":352,"column":20},"end":{"line":352,"column":67}},"line":352},"25":{"name":"(anonymous_25)","decl":{"start":{"line":358,"column":36},"end":{"line":358,"column":37}},"loc":{"start":{"line":358,"column":47},"end":{"line":358,"column":68}},"line":358},"26":{"name":"(anonymous_26)","decl":{"start":{"line":378,"column":34},"end":{"line":378,"column":35}},"loc":{"start":{"line":379,"column":14},"end":{"line":504,"column":20}},"line":379},"27":{"name":"(anonymous_27)","decl":{"start":{"line":429,"column":31},"end":{"line":429,"column":32}},"loc":{"start":{"line":429,"column":37},"end":{"line":429,"column":60}},"line":429},"28":{"name":"(anonymous_28)","decl":{"start":{"line":436,"column":31},"end":{"line":436,"column":32}},"loc":{"start":{"line":436,"column":37},"end":{"line":436,"column":60}},"line":436},"29":{"name":"(anonymous_29)","decl":{"start":{"line":551,"column":28},"end":{"line":551,"column":29}},"loc":{"start":{"line":552,"column":20},"end":{"line":552,"column":76}},"line":552},"30":{"name":"(anonymous_30)","decl":{"start":{"line":558,"column":34},"end":{"line":558,"column":35}},"loc":{"start":{"line":559,"column":20},"end":{"line":561,"column":29}},"line":559},"31":{"name":"(anonymous_31)","decl":{"start":{"line":573,"column":28},"end":{"line":573,"column":29}},"loc":{"start":{"line":574,"column":20},"end":{"line":574,"column":72}},"line":574},"32":{"name":"(anonymous_32)","decl":{"start":{"line":585,"column":30},"end":{"line":585,"column":31}},"loc":{"start":{"line":586,"column":22},"end":{"line":589,"column":24}},"line":586},"33":{"name":"(anonymous_33)","decl":{"start":{"line":594,"column":48},"end":{"line":594,"column":49}},"loc":{"start":{"line":594,"column":58},"end":{"line":594,"column":63}},"line":594},"34":{"name":"(anonymous_34)","decl":{"start":{"line":595,"column":22},"end":{"line":595,"column":23}},"loc":{"start":{"line":596,"column":24},"end":{"line":598,"column":33}},"line":596},"35":{"name":"(anonymous_35)","decl":{"start":{"line":608,"column":30},"end":{"line":608,"column":31}},"loc":{"start":{"line":609,"column":22},"end":{"line":612,"column":24}},"line":609},"36":{"name":"(anonymous_36)","decl":{"start":{"line":619,"column":22},"end":{"line":619,"column":23}},"loc":{"start":{"line":619,"column":32},"end":{"line":619,"column":65}},"line":619},"37":{"name":"(anonymous_37)","decl":{"start":{"line":620,"column":26},"end":{"line":620,"column":27}},"loc":{"start":{"line":621,"column":22},"end":{"line":623,"column":31}},"line":621}},"branchMap":{"0":{"loc":{"start":{"line":81,"column":27},"end":{"line":81,"column":40}},"type":"default-arg","locations":[{"start":{"line":81,"column":36},"end":{"line":81,"column":40}}],"line":81},"1":{"loc":{"start":{"line":82,"column":4},"end":{"line":98,"column":5}},"type":"if","locations":[{"start":{"line":82,"column":4},"end":{"line":98,"column":5}},{"start":{"line":90,"column":11},"end":{"line":98,"column":5}}],"line":82},"2":{"loc":{"start":{"line":120,"column":4},"end":{"line":128,"column":5}},"type":"if","locations":[{"start":{"line":120,"column":4},"end":{"line":128,"column":5}},{"start":{},"end":{}}],"line":120},"3":{"loc":{"start":{"line":157,"column":4},"end":{"line":157,"column":42}},"type":"if","locations":[{"start":{"line":157,"column":4},"end":{"line":157,"column":42}},{"start":{},"end":{}}],"line":157},"4":{"loc":{"start":{"line":158,"column":4},"end":{"line":158,"column":42}},"type":"if","locations":[{"start":{"line":158,"column":4},"end":{"line":158,"column":42}},{"start":{},"end":{}}],"line":158},"5":{"loc":{"start":{"line":163,"column":4},"end":{"line":167,"column":5}},"type":"if","locations":[{"start":{"line":163,"column":4},"end":{"line":167,"column":5}},{"start":{"line":165,"column":11},"end":{"line":167,"column":5}}],"line":163},"6":{"loc":{"start":{"line":165,"column":11},"end":{"line":167,"column":5}},"type":"if","locations":[{"start":{"line":165,"column":11},"end":{"line":167,"column":5}},{"start":{},"end":{}}],"line":165},"7":{"loc":{"start":{"line":171,"column":2},"end":{"line":173,"column":3}},"type":"if","locations":[{"start":{"line":171,"column":2},"end":{"line":173,"column":3}},{"start":{},"end":{}}],"line":171},"8":{"loc":{"start":{"line":234,"column":7},"end":{"line":305,"column":7}},"type":"binary-expr","locations":[{"start":{"line":234,"column":7},"end":{"line":234,"column":15}},{"start":{"line":234,"column":19},"end":{"line":234,"column":46}},{"start":{"line":235,"column":8},"end":{"line":304,"column":14}}],"line":234},"9":{"loc":{"start":{"line":280,"column":16},"end":{"line":282,"column":71}},"type":"cond-expr","locations":[{"start":{"line":281,"column":20},"end":{"line":281,"column":71}},{"start":{"line":282,"column":20},"end":{"line":282,"column":71}}],"line":280},"10":{"loc":{"start":{"line":287,"column":15},"end":{"line":291,"column":15}},"type":"cond-expr","locations":[{"start":{"line":288,"column":16},"end":{"line":288,"column":41}},{"start":{"line":290,"column":16},"end":{"line":290,"column":43}}],"line":287},"11":{"loc":{"start":{"line":294,"column":19},"end":{"line":296,"column":32}},"type":"cond-expr","locations":[{"start":{"line":295,"column":22},"end":{"line":295,"column":34}},{"start":{"line":296,"column":22},"end":{"line":296,"column":32}}],"line":294},"12":{"loc":{"start":{"line":308,"column":7},"end":{"line":364,"column":7}},"type":"binary-expr","locations":[{"start":{"line":308,"column":7},"end":{"line":308,"column":15}},{"start":{"line":308,"column":19},"end":{"line":308,"column":46}},{"start":{"line":309,"column":8},"end":{"line":363,"column":14}}],"line":308},"13":{"loc":{"start":{"line":369,"column":9},"end":{"line":514,"column":9}},"type":"cond-expr","locations":[{"start":{"line":370,"column":10},"end":{"line":506,"column":16}},{"start":{"line":508,"column":10},"end":{"line":513,"column":14}}],"line":369},"14":{"loc":{"start":{"line":369,"column":9},"end":{"line":369,"column":48}},"type":"binary-expr","locations":[{"start":{"line":369,"column":9},"end":{"line":369,"column":17}},{"start":{"line":369,"column":21},"end":{"line":369,"column":48}}],"line":369},"15":{"loc":{"start":{"line":385,"column":30},"end":{"line":385,"column":71}},"type":"cond-expr","locations":[{"start":{"line":385,"column":52},"end":{"line":385,"column":61}},{"start":{"line":385,"column":64},"end":{"line":385,"column":71}}],"line":385},"16":{"loc":{"start":{"line":491,"column":29},"end":{"line":491,"column":74}},"type":"cond-expr","locations":[{"start":{"line":491,"column":53},"end":{"line":491,"column":62}},{"start":{"line":491,"column":65},"end":{"line":491,"column":74}}],"line":491},"17":{"loc":{"start":{"line":495,"column":21},"end":{"line":495,"column":74}},"type":"cond-expr","locations":[{"start":{"line":495,"column":45},"end":{"line":495,"column":59}},{"start":{"line":495,"column":62},"end":{"line":495,"column":74}}],"line":495},"18":{"loc":{"start":{"line":498,"column":19},"end":{"line":502,"column":19}},"type":"binary-expr","locations":[{"start":{"line":498,"column":19},"end":{"line":498,"column":38}},{"start":{"line":499,"column":20},"end":{"line":501,"column":27}}],"line":498},"19":{"loc":{"start":{"line":518,"column":7},"end":{"line":651,"column":7}},"type":"binary-expr","locations":[{"start":{"line":518,"column":7},"end":{"line":518,"column":16}},{"start":{"line":519,"column":8},"end":{"line":650,"column":14}}],"line":518},"20":{"loc":{"start":{"line":543,"column":15},"end":{"line":543,"column":73}},"type":"cond-expr","locations":[{"start":{"line":543,"column":31},"end":{"line":543,"column":51}},{"start":{"line":543,"column":54},"end":{"line":543,"column":73}}],"line":543},"21":{"loc":{"start":{"line":637,"column":19},"end":{"line":637,"column":59}},"type":"cond-expr","locations":[{"start":{"line":637,"column":35},"end":{"line":637,"column":47}},{"start":{"line":637,"column":50},"end":{"line":637,"column":59}}],"line":637}},"s":{"0":1,"1":9,"2":8,"3":8,"4":8,"5":8,"6":8,"7":8,"8":8,"9":8,"10":8,"11":8,"12":5,"13":8,"14":5,"15":5,"16":8,"17":5,"18":5,"19":5,"20":0,"21":8,"22":5,"23":5,"24":5,"25":3,"26":1,"27":4,"28":8,"29":5,"30":5,"31":5,"32":0,"33":8,"34":0,"35":0,"36":0,"37":0,"38":0,"39":0,"40":8,"41":0,"42":0,"43":8,"44":0,"45":0,"46":0,"47":0,"48":0,"49":0,"50":0,"51":8,"52":0,"53":0,"54":0,"55":0,"56":0,"57":0,"58":8,"59":21,"60":8,"61":36,"62":36,"63":8,"64":3,"65":3,"66":0,"67":0,"68":0,"69":8,"70":3,"71":0,"72":3,"73":0,"74":3,"75":8,"76":5,"77":3,"78":0,"79":0,"80":36,"81":36,"82":0,"83":15,"84":15,"85":1,"86":3,"87":0,"88":2,"89":0,"90":3,"91":0,"92":0,"93":0,"94":0,"95":0,"96":0,"97":0,"98":0,"99":0,"100":0,"101":0},"f":{"0":9,"1":5,"2":5,"3":5,"4":5,"5":5,"6":0,"7":0,"8":0,"9":0,"10":21,"11":36,"12":3,"13":3,"14":0,"15":0,"16":36,"17":36,"18":0,"19":15,"20":15,"21":1,"22":3,"23":0,"24":2,"25":0,"26":3,"27":0,"28":0,"29":0,"30":0,"31":0,"32":0,"33":0,"34":0,"35":0,"36":0,"37":0},"b":{"0":[0],"1":[0,0],"2":[0,0],"3":[3,0],"4":[0,0],"5":[0,3],"6":[0,3],"7":[5,3],"8":[3,3,3],"9":[3,0],"10":[3,0],"11":[3,0],"12":[3,3,3],"13":[3,0],"14":[3,3],"15":[0,3],"16":[3,0],"17":[3,0],"18":[3,0],"19":[3,0],"20":[0,0],"21":[0,0]},"_coverageSchema":"1a1c01bbd47fc00a2c39e90264f33305004495a9","hash":"467e1456482321f84edd482b3488ee5d061652fd"}
,"/Users/richardgarcia/Documents/proyects/proyecto-psuia/frontend/src/components/CategoryStats.js": {"path":"/Users/richardgarcia/Documents/proyects/proyecto-psuia/frontend/src/components/CategoryStats.js","statementMap":{"0":{"start":{"line":18,"column":22},"end":{"line":430,"column":1}},"1":{"start":{"line":19,"column":42},"end":{"line":19,"column":54}},"2":{"start":{"line":20,"column":38},"end":{"line":20,"column":50}},"3":{"start":{"line":21,"column":32},"end":{"line":21,"column":46}},"4":{"start":{"line":22,"column":36},"end":{"line":22,"column":53}},"5":{"start":{"line":23,"column":28},"end":{"line":28,"column":4}},"6":{"start":{"line":30,"column":2},"end":{"line":32,"column":18}},"7":{"start":{"line":31,"column":4},"end":{"line":31,"column":15}},"8":{"start":{"line":34,"column":19},"end":{"line":51,"column":3}},"9":{"start":{"line":35,"column":4},"end":{"line":50,"column":5}},"10":{"start":{"line":36,"column":6},"end":{"line":36,"column":23}},"11":{"start":{"line":37,"column":22},"end":{"line":37,"column":38}},"12":{"start":{"line":38,"column":35},"end":{"line":41,"column":8}},"13":{"start":{"line":43,"column":6},"end":{"line":43,"column":33}},"14":{"start":{"line":44,"column":6},"end":{"line":44,"column":29}},"15":{"start":{"line":45,"column":6},"end":{"line":45,"column":41}},"16":{"start":{"line":47,"column":6},"end":{"line":47,"column":53}},"17":{"start":{"line":49,"column":6},"end":{"line":49,"column":24}},"18":{"start":{"line":53,"column":25},"end":{"line":70,"column":3}},"19":{"start":{"line":54,"column":16},"end":{"line":54,"column":26}},"20":{"start":{"line":55,"column":20},"end":{"line":55,"column":22}},"21":{"start":{"line":57,"column":4},"end":{"line":67,"column":5}},"22":{"start":{"line":58,"column":27},"end":{"line":58,"column":73}},"23":{"start":{"line":59,"column":6},"end":{"line":59,"column":67}},"24":{"start":{"line":60,"column":11},"end":{"line":67,"column":5}},"25":{"start":{"line":61,"column":26},"end":{"line":61,"column":39}},"26":{"start":{"line":62,"column":6},"end":{"line":62,"column":45}},"27":{"start":{"line":63,"column":6},"end":{"line":63,"column":66}},"28":{"start":{"line":64,"column":11},"end":{"line":67,"column":5}},"29":{"start":{"line":65,"column":26},"end":{"line":65,"column":59}},"30":{"start":{"line":66,"column":6},"end":{"line":66,"column":66}},"31":{"start":{"line":69,"column":4},"end":{"line":69,"column":19}},"32":{"start":{"line":72,"column":25},"end":{"line":119,"column":3}},"33":{"start":{"line":74,"column":24},"end":{"line":74,"column":26}},"34":{"start":{"line":76,"column":4},"end":{"line":92,"column":7}},"35":{"start":{"line":77,"column":6},"end":{"line":88,"column":7}},"36":{"start":{"line":78,"column":8},"end":{"line":87,"column":10}},"37":{"start":{"line":89,"column":6},"end":{"line":89,"column":59}},"38":{"start":{"line":90,"column":6},"end":{"line":90,"column":48}},"39":{"start":{"line":91,"column":6},"end":{"line":91,"column":62}},"40":{"start":{"line":94,"column":31},"end":{"line":96,"column":40}},"41":{"start":{"line":95,"column":23},"end":{"line":95,"column":45}},"42":{"start":{"line":96,"column":22},"end":{"line":96,"column":39}},"43":{"start":{"line":98,"column":29},"end":{"line":100,"column":40}},"44":{"start":{"line":99,"column":23},"end":{"line":99,"column":44}},"45":{"start":{"line":100,"column":22},"end":{"line":100,"column":39}},"46":{"start":{"line":103,"column":24},"end":{"line":106,"column":18}},"47":{"start":{"line":104,"column":21},"end":{"line":104,"column":41}},"48":{"start":{"line":105,"column":22},"end":{"line":105,"column":41}},"49":{"start":{"line":108,"column":23},"end":{"line":111,"column":18}},"50":{"start":{"line":109,"column":21},"end":{"line":109,"column":40}},"51":{"start":{"line":110,"column":22},"end":{"line":110,"column":41}},"52":{"start":{"line":113,"column":4},"end":{"line":118,"column":7}},"53":{"start":{"line":121,"column":25},"end":{"line":126,"column":3}},"54":{"start":{"line":122,"column":4},"end":{"line":125,"column":22}},"55":{"start":{"line":128,"column":17},"end":{"line":137,"column":3}},"56":{"start":{"line":139,"column":2},"end":{"line":141,"column":3}},"57":{"start":{"line":140,"column":4},"end":{"line":140,"column":67}},"58":{"start":{"line":143,"column":2},"end":{"line":429,"column":4}},"59":{"start":{"line":156,"column":27},"end":{"line":156,"column":55}},"60":{"start":{"line":195,"column":38},"end":{"line":195,"column":67}},"61":{"start":{"line":198,"column":22},"end":{"line":201,"column":24}},"62":{"start":{"line":204,"column":49},"end":{"line":204,"column":70}},"63":{"start":{"line":210,"column":18},"end":{"line":225,"column":24}},"64":{"start":{"line":261,"column":38},"end":{"line":261,"column":67}},"65":{"start":{"line":264,"column":22},"end":{"line":267,"column":24}},"66":{"start":{"line":270,"column":49},"end":{"line":270,"column":70}},"67":{"start":{"line":276,"column":18},"end":{"line":291,"column":24}},"68":{"start":{"line":314,"column":45},"end":{"line":314,"column":66}},"69":{"start":{"line":333,"column":16},"end":{"line":366,"column":22}},"70":{"start":{"line":383,"column":16},"end":{"line":416,"column":22}}},"fnMap":{"0":{"name":"(anonymous_0)","decl":{"start":{"line":18,"column":22},"end":{"line":18,"column":23}},"loc":{"start":{"line":18,"column":28},"end":{"line":430,"column":1}},"line":18},"1":{"name":"(anonymous_1)","decl":{"start":{"line":30,"column":12},"end":{"line":30,"column":13}},"loc":{"start":{"line":30,"column":18},"end":{"line":32,"column":3}},"line":30},"2":{"name":"(anonymous_2)","decl":{"start":{"line":34,"column":19},"end":{"line":34,"column":20}},"loc":{"start":{"line":34,"column":31},"end":{"line":51,"column":3}},"line":34},"3":{"name":"(anonymous_3)","decl":{"start":{"line":53,"column":25},"end":{"line":53,"column":26}},"loc":{"start":{"line":53,"column":31},"end":{"line":70,"column":3}},"line":53},"4":{"name":"(anonymous_4)","decl":{"start":{"line":72,"column":25},"end":{"line":72,"column":26}},"loc":{"start":{"line":72,"column":49},"end":{"line":119,"column":3}},"line":72},"5":{"name":"(anonymous_5)","decl":{"start":{"line":76,"column":22},"end":{"line":76,"column":23}},"loc":{"start":{"line":76,"column":33},"end":{"line":92,"column":5}},"line":76},"6":{"name":"(anonymous_6)","decl":{"start":{"line":95,"column":14},"end":{"line":95,"column":15}},"loc":{"start":{"line":95,"column":23},"end":{"line":95,"column":45}},"line":95},"7":{"name":"(anonymous_7)","decl":{"start":{"line":96,"column":12},"end":{"line":96,"column":13}},"loc":{"start":{"line":96,"column":22},"end":{"line":96,"column":39}},"line":96},"8":{"name":"(anonymous_8)","decl":{"start":{"line":99,"column":14},"end":{"line":99,"column":15}},"loc":{"start":{"line":99,"column":23},"end":{"line":99,"column":44}},"line":99},"9":{"name":"(anonymous_9)","decl":{"start":{"line":100,"column":12},"end":{"line":100,"column":13}},"loc":{"start":{"line":100,"column":22},"end":{"line":100,"column":39}},"line":100},"10":{"name":"(anonymous_10)","decl":{"start":{"line":104,"column":14},"end":{"line":104,"column":15}},"loc":{"start":{"line":104,"column":21},"end":{"line":104,"column":41}},"line":104},"11":{"name":"(anonymous_11)","decl":{"start":{"line":105,"column":12},"end":{"line":105,"column":13}},"loc":{"start":{"line":105,"column":22},"end":{"line":105,"column":41}},"line":105},"12":{"name":"(anonymous_12)","decl":{"start":{"line":109,"column":14},"end":{"line":109,"column":15}},"loc":{"start":{"line":109,"column":21},"end":{"line":109,"column":40}},"line":109},"13":{"name":"(anonymous_13)","decl":{"start":{"line":110,"column":12},"end":{"line":110,"column":13}},"loc":{"start":{"line":110,"column":22},"end":{"line":110,"column":41}},"line":110},"14":{"name":"(anonymous_14)","decl":{"start":{"line":121,"column":25},"end":{"line":121,"column":26}},"loc":{"start":{"line":121,"column":37},"end":{"line":126,"column":3}},"line":121},"15":{"name":"(anonymous_15)","decl":{"start":{"line":156,"column":20},"end":{"line":156,"column":21}},"loc":{"start":{"line":156,"column":27},"end":{"line":156,"column":55}},"line":156},"16":{"name":"(anonymous_16)","decl":{"start":{"line":195,"column":27},"end":{"line":195,"column":28}},"loc":{"start":{"line":195,"column":38},"end":{"line":195,"column":67}},"line":195},"17":{"name":"(anonymous_17)","decl":{"start":{"line":197,"column":50},"end":{"line":197,"column":51}},"loc":{"start":{"line":198,"column":22},"end":{"line":201,"column":24}},"line":198},"18":{"name":"(anonymous_18)","decl":{"start":{"line":204,"column":38},"end":{"line":204,"column":39}},"loc":{"start":{"line":204,"column":49},"end":{"line":204,"column":70}},"line":204},"19":{"name":"(anonymous_19)","decl":{"start":{"line":209,"column":46},"end":{"line":209,"column":47}},"loc":{"start":{"line":210,"column":18},"end":{"line":225,"column":24}},"line":210},"20":{"name":"(anonymous_20)","decl":{"start":{"line":261,"column":27},"end":{"line":261,"column":28}},"loc":{"start":{"line":261,"column":38},"end":{"line":261,"column":67}},"line":261},"21":{"name":"(anonymous_21)","decl":{"start":{"line":263,"column":48},"end":{"line":263,"column":49}},"loc":{"start":{"line":264,"column":22},"end":{"line":267,"column":24}},"line":264},"22":{"name":"(anonymous_22)","decl":{"start":{"line":270,"column":38},"end":{"line":270,"column":39}},"loc":{"start":{"line":270,"column":49},"end":{"line":270,"column":70}},"line":270},"23":{"name":"(anonymous_23)","decl":{"start":{"line":275,"column":44},"end":{"line":275,"column":45}},"loc":{"start":{"line":276,"column":18},"end":{"line":291,"column":24}},"line":276},"24":{"name":"(anonymous_24)","decl":{"start":{"line":314,"column":34},"end":{"line":314,"column":35}},"loc":{"start":{"line":314,"column":45},"end":{"line":314,"column":66}},"line":314},"25":{"name":"(anonymous_25)","decl":{"start":{"line":332,"column":37},"end":{"line":332,"column":38}},"loc":{"start":{"line":333,"column":16},"end":{"line":366,"column":22}},"line":333},"26":{"name":"(anonymous_26)","decl":{"start":{"line":382,"column":36},"end":{"line":382,"column":37}},"loc":{"start":{"line":383,"column":16},"end":{"line":416,"column":22}},"line":383}},"branchMap":{"0":{"loc":{"start":{"line":57,"column":4},"end":{"line":67,"column":5}},"type":"if","locations":[{"start":{"line":57,"column":4},"end":{"line":67,"column":5}},{"start":{"line":60,"column":11},"end":{"line":67,"column":5}}],"line":57},"1":{"loc":{"start":{"line":60,"column":11},"end":{"line":67,"column":5}},"type":"if","locations":[{"start":{"line":60,"column":11},"end":{"line":67,"column":5}},{"start":{"line":64,"column":11},"end":{"line":67,"column":5}}],"line":60},"2":{"loc":{"start":{"line":64,"column":11},"end":{"line":67,"column":5}},"type":"if","locations":[{"start":{"line":64,"column":11},"end":{"line":67,"column":5}},{"start":{},"end":{}}],"line":64},"3":{"loc":{"start":{"line":77,"column":6},"end":{"line":88,"column":7}},"type":"if","locations":[{"start":{"line":77,"column":6},"end":{"line":88,"column":7}},{"start":{},"end":{}}],"line":77},"4":{"loc":{"start":{"line":139,"column":2},"end":{"line":141,"column":3}},"type":"if","locations":[{"start":{"line":139,"column":2},"end":{"line":141,"column":3}},{"start":{},"end":{}}],"line":139},"5":{"loc":{"start":{"line":184,"column":11},"end":{"line":235,"column":11}},"type":"cond-expr","locations":[{"start":{"line":185,"column":12},"end":{"line":228,"column":15}},{"start":{"line":230,"column":12},"end":{"line":234,"column":16}}],"line":184},"6":{"loc":{"start":{"line":200,"column":30},"end":{"line":200,"column":74}},"type":"binary-expr","locations":[{"start":{"line":200,"column":30},"end":{"line":200,"column":41}},{"start":{"line":200,"column":45},"end":{"line":200,"column":74}}],"line":200},"7":{"loc":{"start":{"line":250,"column":11},"end":{"line":301,"column":11}},"type":"cond-expr","locations":[{"start":{"line":251,"column":12},"end":{"line":294,"column":15}},{"start":{"line":296,"column":12},"end":{"line":300,"column":16}}],"line":250},"8":{"loc":{"start":{"line":266,"column":30},"end":{"line":266,"column":74}},"type":"binary-expr","locations":[{"start":{"line":266,"column":30},"end":{"line":266,"column":41}},{"start":{"line":266,"column":45},"end":{"line":266,"column":74}}],"line":266},"9":{"loc":{"start":{"line":308,"column":9},"end":{"line":323,"column":9}},"type":"cond-expr","locations":[{"start":{"line":309,"column":10},"end":{"line":318,"column":32}},{"start":{"line":320,"column":10},"end":{"line":322,"column":14}}],"line":308},"10":{"loc":{"start":{"line":330,"column":11},"end":{"line":375,"column":11}},"type":"cond-expr","locations":[{"start":{"line":331,"column":12},"end":{"line":368,"column":18}},{"start":{"line":370,"column":12},"end":{"line":374,"column":16}}],"line":330},"11":{"loc":{"start":{"line":340,"column":32},"end":{"line":340,"column":65}},"type":"cond-expr","locations":[{"start":{"line":340,"column":46},"end":{"line":340,"column":55}},{"start":{"line":340,"column":58},"end":{"line":340,"column":65}}],"line":340},"12":{"loc":{"start":{"line":380,"column":11},"end":{"line":425,"column":11}},"type":"cond-expr","locations":[{"start":{"line":381,"column":12},"end":{"line":418,"column":18}},{"start":{"line":420,"column":12},"end":{"line":424,"column":16}}],"line":380},"13":{"loc":{"start":{"line":390,"column":32},"end":{"line":390,"column":65}},"type":"cond-expr","locations":[{"start":{"line":390,"column":46},"end":{"line":390,"column":55}},{"start":{"line":390,"column":58},"end":{"line":390,"column":65}}],"line":390}},"s":{"0":1,"1":4,"2":4,"3":4,"4":4,"5":4,"6":4,"7":3,"8":4,"9":3,"10":3,"11":3,"12":3,"13":1,"14":1,"15":1,"16":1,"17":2,"18":4,"19":3,"20":3,"21":3,"22":3,"23":3,"24":0,"25":0,"26":0,"27":0,"28":0,"29":0,"30":0,"31":3,"32":4,"33":1,"34":1,"35":2,"36":2,"37":2,"38":2,"39":2,"40":1,"41":2,"42":0,"43":1,"44":2,"45":0,"46":1,"47":2,"48":0,"49":1,"50":2,"51":0,"52":1,"53":4,"54":0,"55":4,"56":4,"57":3,"58":1,"59":0,"60":0,"61":0,"62":0,"63":0,"64":0,"65":0,"66":0,"67":0,"68":0,"69":0,"70":0},"f":{"0":4,"1":3,"2":3,"3":3,"4":1,"5":2,"6":2,"7":0,"8":2,"9":0,"10":2,"11":0,"12":2,"13":0,"14":0,"15":0,"16":0,"17":0,"18":0,"19":0,"20":0,"21":0,"22":0,"23":0,"24":0,"25":0,"26":0},"b":{"0":[3,0],"1":[0,0],"2":[0,0],"3":[2,0],"4":[3,1],"5":[0,1],"6":[0,0],"7":[0,1],"8":[0,0],"9":[0,1],"10":[0,1],"11":[0,0],"12":[0,1],"13":[0,0]},"_coverageSchema":"1a1c01bbd47fc00a2c39e90264f33305004495a9","hash":"cde5dc125fdf0c5c2c500ca9130dc6f7b90cf7f9"}
,"/Users/richardgarcia/Documents/proyects/proyecto-psuia/frontend/src/components/Dashboard.js": {"path":"/Users/richardgarcia/Documents/proyects/proyecto-psuia/frontend/src/components/Dashboard.js","statementMap":{"0":{"start":{"line":18,"column":18},"end":{"line":286,"column":1}},"1":{"start":{"line":19,"column":32},"end":{"line":19,"column":46}},"2":{"start":{"line":20,"column":32},"end":{"line":20,"column":46}},"3":{"start":{"line":21,"column":38},"end":{"line":21,"column":55}},"4":{"start":{"line":23,"column":2},"end":{"line":25,"column":19}},"5":{"start":{"line":24,"column":4},"end":{"line":24,"column":20}},"6":{"start":{"line":27,"column":24},"end":{"line":38,"column":3}},"7":{"start":{"line":28,"column":4},"end":{"line":37,"column":5}},"8":{"start":{"line":29,"column":6},"end":{"line":29,"column":23}},"9":{"start":{"line":30,"column":22},"end":{"line":30,"column":38}},"10":{"start":{"line":31,"column":19},"end":{"line":31,"column":61}},"11":{"start":{"line":32,"column":6},"end":{"line":32,"column":23}},"12":{"start":{"line":34,"column":6},"end":{"line":34,"column":57}},"13":{"start":{"line":36,"column":6},"end":{"line":36,"column":24}},"14":{"start":{"line":40,"column":25},"end":{"line":54,"column":3}},"15":{"start":{"line":41,"column":16},"end":{"line":41,"column":26}},"16":{"start":{"line":42,"column":20},"end":{"line":42,"column":22}},"17":{"start":{"line":44,"column":4},"end":{"line":51,"column":5}},"18":{"start":{"line":45,"column":27},"end":{"line":45,"column":73}},"19":{"start":{"line":46,"column":6},"end":{"line":46,"column":67}},"20":{"start":{"line":47,"column":11},"end":{"line":51,"column":5}},"21":{"start":{"line":48,"column":26},"end":{"line":48,"column":39}},"22":{"start":{"line":49,"column":6},"end":{"line":49,"column":45}},"23":{"start":{"line":50,"column":6},"end":{"line":50,"column":66}},"24":{"start":{"line":53,"column":4},"end":{"line":53,"column":19}},"25":{"start":{"line":56,"column":25},"end":{"line":61,"column":3}},"26":{"start":{"line":57,"column":4},"end":{"line":60,"column":22}},"27":{"start":{"line":63,"column":17},"end":{"line":70,"column":3}},"28":{"start":{"line":72,"column":2},"end":{"line":74,"column":3}},"29":{"start":{"line":73,"column":4},"end":{"line":73,"column":64}},"30":{"start":{"line":76,"column":2},"end":{"line":78,"column":3}},"31":{"start":{"line":77,"column":4},"end":{"line":77,"column":66}},"32":{"start":{"line":80,"column":2},"end":{"line":285,"column":4}},"33":{"start":{"line":93,"column":27},"end":{"line":93,"column":56}},"34":{"start":{"line":181,"column":20},"end":{"line":181,"column":67}},"35":{"start":{"line":185,"column":20},"end":{"line":188,"column":22}},"36":{"start":{"line":191,"column":47},"end":{"line":191,"column":68}},"37":{"start":{"line":216,"column":45},"end":{"line":216,"column":66}},"38":{"start":{"line":247,"column":18},"end":{"line":273,"column":23}}},"fnMap":{"0":{"name":"(anonymous_0)","decl":{"start":{"line":18,"column":18},"end":{"line":18,"column":19}},"loc":{"start":{"line":18,"column":24},"end":{"line":286,"column":1}},"line":18},"1":{"name":"(anonymous_1)","decl":{"start":{"line":23,"column":12},"end":{"line":23,"column":13}},"loc":{"start":{"line":23,"column":18},"end":{"line":25,"column":3}},"line":23},"2":{"name":"(anonymous_2)","decl":{"start":{"line":27,"column":24},"end":{"line":27,"column":25}},"loc":{"start":{"line":27,"column":36},"end":{"line":38,"column":3}},"line":27},"3":{"name":"(anonymous_3)","decl":{"start":{"line":40,"column":25},"end":{"line":40,"column":26}},"loc":{"start":{"line":40,"column":31},"end":{"line":54,"column":3}},"line":40},"4":{"name":"(anonymous_4)","decl":{"start":{"line":56,"column":25},"end":{"line":56,"column":26}},"loc":{"start":{"line":56,"column":37},"end":{"line":61,"column":3}},"line":56},"5":{"name":"(anonymous_5)","decl":{"start":{"line":93,"column":20},"end":{"line":93,"column":21}},"loc":{"start":{"line":93,"column":27},"end":{"line":93,"column":56}},"line":93},"6":{"name":"(anonymous_6)","decl":{"start":{"line":180,"column":25},"end":{"line":180,"column":26}},"loc":{"start":{"line":181,"column":20},"end":{"line":181,"column":67}},"line":181},"7":{"name":"(anonymous_7)","decl":{"start":{"line":184,"column":50},"end":{"line":184,"column":51}},"loc":{"start":{"line":185,"column":20},"end":{"line":188,"column":22}},"line":185},"8":{"name":"(anonymous_8)","decl":{"start":{"line":191,"column":36},"end":{"line":191,"column":37}},"loc":{"start":{"line":191,"column":47},"end":{"line":191,"column":68}},"line":191},"9":{"name":"(anonymous_9)","decl":{"start":{"line":216,"column":34},"end":{"line":216,"column":35}},"loc":{"start":{"line":216,"column":45},"end":{"line":216,"column":66}},"line":216},"10":{"name":"(anonymous_10)","decl":{"start":{"line":246,"column":48},"end":{"line":246,"column":49}},"loc":{"start":{"line":247,"column":18},"end":{"line":273,"column":23}},"line":247}},"branchMap":{"0":{"loc":{"start":{"line":44,"column":4},"end":{"line":51,"column":5}},"type":"if","locations":[{"start":{"line":44,"column":4},"end":{"line":51,"column":5}},{"start":{"line":47,"column":11},"end":{"line":51,"column":5}}],"line":44},"1":{"loc":{"start":{"line":47,"column":11},"end":{"line":51,"column":5}},"type":"if","locations":[{"start":{"line":47,"column":11},"end":{"line":51,"column":5}},{"start":{},"end":{}}],"line":47},"2":{"loc":{"start":{"line":72,"column":2},"end":{"line":74,"column":3}},"type":"if","locations":[{"start":{"line":72,"column":2},"end":{"line":74,"column":3}},{"start":{},"end":{}}],"line":72},"3":{"loc":{"start":{"line":76,"column":2},"end":{"line":78,"column":3}},"type":"if","locations":[{"start":{"line":76,"column":2},"end":{"line":78,"column":3}},{"start":{},"end":{}}],"line":76},"4":{"loc":{"start":{"line":170,"column":11},"end":{"line":200,"column":11}},"type":"cond-expr","locations":[{"start":{"line":171,"column":12},"end":{"line":193,"column":34}},{"start":{"line":195,"column":12},"end":{"line":199,"column":16}}],"line":170},"5":{"loc":{"start":{"line":187,"column":28},"end":{"line":187,"column":72}},"type":"binary-expr","locations":[{"start":{"line":187,"column":28},"end":{"line":187,"column":39}},{"start":{"line":187,"column":43},"end":{"line":187,"column":72}}],"line":187},"6":{"loc":{"start":{"line":233,"column":9},"end":{"line":282,"column":9}},"type":"cond-expr","locations":[{"start":{"line":234,"column":10},"end":{"line":277,"column":16}},{"start":{"line":279,"column":10},"end":{"line":281,"column":14}}],"line":233},"7":{"loc":{"start":{"line":259,"column":25},"end":{"line":259,"column":76}},"type":"cond-expr","locations":[{"start":{"line":259,"column":57},"end":{"line":259,"column":66}},{"start":{"line":259,"column":69},"end":{"line":259,"column":76}}],"line":259},"8":{"loc":{"start":{"line":266,"column":26},"end":{"line":266,"column":79}},"type":"cond-expr","locations":[{"start":{"line":266,"column":58},"end":{"line":266,"column":67}},{"start":{"line":266,"column":70},"end":{"line":266,"column":79}}],"line":266},"9":{"loc":{"start":{"line":270,"column":23},"end":{"line":270,"column":64}},"type":"cond-expr","locations":[{"start":{"line":270,"column":55},"end":{"line":270,"column":58}},{"start":{"line":270,"column":61},"end":{"line":270,"column":64}}],"line":270}},"s":{"0":1,"1":6,"2":6,"3":6,"4":6,"5":4,"6":6,"7":4,"8":4,"9":4,"10":4,"11":2,"12":1,"13":3,"14":6,"15":4,"16":4,"17":4,"18":4,"19":4,"20":0,"21":0,"22":0,"23":0,"24":4,"25":6,"26":4,"27":6,"28":6,"29":4,"30":2,"31":1,"32":1,"33":0,"34":0,"35":1,"36":0,"37":0,"38":1},"f":{"0":6,"1":4,"2":4,"3":4,"4":4,"5":0,"6":0,"7":1,"8":0,"9":0,"10":1},"b":{"0":[4,0],"1":[0,0],"2":[4,2],"3":[1,1],"4":[1,0],"5":[1,1],"6":[1,0],"7":[0,1],"8":[0,1],"9":[0,1]},"_coverageSchema":"1a1c01bbd47fc00a2c39e90264f33305004495a9","hash":"8eb3df668f7af493c3d87d6edf27068a775eb601"}
,"/Users/richardgarcia/Documents/proyects/proyecto-psuia/frontend/src/components/Login.js": {"path":"/Users/richardgarcia/Documents/proyects/proyecto-psuia/frontend/src/components/Login.js","statementMap":{"0":{"start":{"line":5,"column":14},"end":{"line":131,"column":1}},"1":{"start":{"line":6,"column":19},"end":{"line":6,"column":32}},"2":{"start":{"line":7,"column":34},"end":{"line":10,"column":4}},"3":{"start":{"line":11,"column":28},"end":{"line":11,"column":40}},"4":{"start":{"line":12,"column":32},"end":{"line":12,"column":47}},"5":{"start":{"line":14,"column":23},"end":{"line":19,"column":3}},"6":{"start":{"line":15,"column":4},"end":{"line":18,"column":7}},"7":{"start":{"line":21,"column":23},"end":{"line":34,"column":3}},"8":{"start":{"line":22,"column":4},"end":{"line":22,"column":23}},"9":{"start":{"line":23,"column":4},"end":{"line":23,"column":17}},"10":{"start":{"line":24,"column":4},"end":{"line":24,"column":21}},"11":{"start":{"line":26,"column":4},"end":{"line":33,"column":5}},"12":{"start":{"line":27,"column":6},"end":{"line":27,"column":40}},"13":{"start":{"line":28,"column":6},"end":{"line":28,"column":29}},"14":{"start":{"line":30,"column":6},"end":{"line":30,"column":71}},"15":{"start":{"line":32,"column":6},"end":{"line":32,"column":24}},"16":{"start":{"line":36,"column":2},"end":{"line":130,"column":4}}},"fnMap":{"0":{"name":"(anonymous_0)","decl":{"start":{"line":5,"column":14},"end":{"line":5,"column":15}},"loc":{"start":{"line":5,"column":20},"end":{"line":131,"column":1}},"line":5},"1":{"name":"(anonymous_1)","decl":{"start":{"line":14,"column":23},"end":{"line":14,"column":24}},"loc":{"start":{"line":14,"column":30},"end":{"line":19,"column":3}},"line":14},"2":{"name":"(anonymous_2)","decl":{"start":{"line":21,"column":23},"end":{"line":21,"column":24}},"loc":{"start":{"line":21,"column":36},"end":{"line":34,"column":3}},"line":21}},"branchMap":{"0":{"loc":{"start":{"line":30,"column":15},"end":{"line":30,"column":69}},"type":"binary-expr","locations":[{"start":{"line":30,"column":15},"end":{"line":30,"column":40}},{"start":{"line":30,"column":44},"end":{"line":30,"column":69}}],"line":30},"1":{"loc":{"start":{"line":46,"column":9},"end":{"line":46,"column":62}},"type":"binary-expr","locations":[{"start":{"line":46,"column":9},"end":{"line":46,"column":14}},{"start":{"line":46,"column":18},"end":{"line":46,"column":62}}],"line":46},"2":{"loc":{"start":{"line":79,"column":13},"end":{"line":79,"column":63}},"type":"cond-expr","locations":[{"start":{"line":79,"column":23},"end":{"line":79,"column":44}},{"start":{"line":79,"column":47},"end":{"line":79,"column":63}}],"line":79}},"s":{"0":1,"1":39,"2":39,"3":38,"4":38,"5":38,"6":13,"7":38,"8":7,"9":7,"10":7,"11":7,"12":7,"13":4,"14":3,"15":7,"16":38},"f":{"0":39,"1":13,"2":7},"b":{"0":[3,1],"1":[38,4],"2":[7,31]},"_coverageSchema":"1a1c01bbd47fc00a2c39e90264f33305004495a9","hash":"d5453732e4d538367680ddc94f680232b3b57262"}
,"/Users/richardgarcia/Documents/proyects/proyecto-psuia/frontend/src/components/Navbar.js": {"path":"/Users/richardgarcia/Documents/proyects/proyecto-psuia/frontend/src/components/Navbar.js","statementMap":{"0":{"start":{"line":12,"column":15},"end":{"line":105,"column":1}},"1":{"start":{"line":13,"column":19},"end":{"line":13,"column":32}},"2":{"start":{"line":14,"column":19},"end":{"line":14,"column":32}},"3":{"start":{"line":15,"column":15},"end":{"line":15,"column":43}},"4":{"start":{"line":17,"column":23},"end":{"line":20,"column":3}},"5":{"start":{"line":18,"column":4},"end":{"line":18,"column":25}},"6":{"start":{"line":19,"column":4},"end":{"line":19,"column":23}},"7":{"start":{"line":22,"column":19},"end":{"line":22,"column":55}},"8":{"start":{"line":22,"column":29},"end":{"line":22,"column":55}},"9":{"start":{"line":24,"column":2},"end":{"line":104,"column":4}},"10":{"start":{"line":29,"column":25},"end":{"line":29,"column":47}}},"fnMap":{"0":{"name":"(anonymous_0)","decl":{"start":{"line":12,"column":15},"end":{"line":12,"column":16}},"loc":{"start":{"line":12,"column":21},"end":{"line":105,"column":1}},"line":12},"1":{"name":"(anonymous_1)","decl":{"start":{"line":17,"column":23},"end":{"line":17,"column":24}},"loc":{"start":{"line":17,"column":29},"end":{"line":20,"column":3}},"line":17},"2":{"name":"(anonymous_2)","decl":{"start":{"line":22,"column":19},"end":{"line":22,"column":20}},"loc":{"start":{"line":22,"column":29},"end":{"line":22,"column":55}},"line":22},"3":{"name":"(anonymous_3)","decl":{"start":{"line":29,"column":19},"end":{"line":29,"column":20}},"loc":{"start":{"line":29,"column":25},"end":{"line":29,"column":47}},"line":29}},"branchMap":{"0":{"loc":{"start":{"line":34,"column":9},"end":{"line":89,"column":9}},"type":"binary-expr","locations":[{"start":{"line":34,"column":9},"end":{"line":34,"column":13}},{"start":{"line":35,"column":10},"end":{"line":88,"column":16}}],"line":34},"1":{"loc":{"start":{"line":48,"column":28},"end":{"line":48,"column":76}},"type":"cond-expr","locations":[{"start":{"line":48,"column":53},"end":{"line":48,"column":60}},{"start":{"line":48,"column":63},"end":{"line":48,"column":76}}],"line":48},"2":{"loc":{"start":{"line":49,"column":23},"end":{"line":49,"column":67}},"type":"cond-expr","locations":[{"start":{"line":49,"column":48},"end":{"line":49,"column":57}},{"start":{"line":49,"column":60},"end":{"line":49,"column":67}}],"line":49},"3":{"loc":{"start":{"line":59,"column":28},"end":{"line":59,"column":79}},"type":"cond-expr","locations":[{"start":{"line":59,"column":56},"end":{"line":59,"column":63}},{"start":{"line":59,"column":66},"end":{"line":59,"column":79}}],"line":59},"4":{"loc":{"start":{"line":60,"column":23},"end":{"line":60,"column":70}},"type":"cond-expr","locations":[{"start":{"line":60,"column":51},"end":{"line":60,"column":60}},{"start":{"line":60,"column":63},"end":{"line":60,"column":70}}],"line":60},"5":{"loc":{"start":{"line":70,"column":28},"end":{"line":70,"column":74}},"type":"cond-expr","locations":[{"start":{"line":70,"column":51},"end":{"line":70,"column":58}},{"start":{"line":70,"column":61},"end":{"line":70,"column":74}}],"line":70},"6":{"loc":{"start":{"line":71,"column":23},"end":{"line":71,"column":65}},"type":"cond-expr","locations":[{"start":{"line":71,"column":46},"end":{"line":71,"column":55}},{"start":{"line":71,"column":58},"end":{"line":71,"column":65}}],"line":71},"7":{"loc":{"start":{"line":81,"column":28},"end":{"line":81,"column":72}},"type":"cond-expr","locations":[{"start":{"line":81,"column":49},"end":{"line":81,"column":56}},{"start":{"line":81,"column":59},"end":{"line":81,"column":72}}],"line":81},"8":{"loc":{"start":{"line":82,"column":23},"end":{"line":82,"column":63}},"type":"cond-expr","locations":[{"start":{"line":82,"column":44},"end":{"line":82,"column":53}},{"start":{"line":82,"column":56},"end":{"line":82,"column":63}}],"line":82},"9":{"loc":{"start":{"line":92,"column":11},"end":{"line":100,"column":11}},"type":"binary-expr","locations":[{"start":{"line":92,"column":11},"end":{"line":92,"column":15}},{"start":{"line":93,"column":12},"end":{"line":99,"column":15}}],"line":92}},"s":{"0":1,"1":7,"2":7,"3":7,"4":7,"5":1,"6":1,"7":7,"8":48,"9":7,"10":0},"f":{"0":7,"1":1,"2":48,"3":0},"b":{"0":[7,6],"1":[6,0],"2":[6,0],"3":[0,6],"4":[0,6],"5":[0,6],"6":[0,6],"7":[0,6],"8":[0,6],"9":[7,6]},"_coverageSchema":"1a1c01bbd47fc00a2c39e90264f33305004495a9","hash":"77b48ca0722924b342493adb1d3c578eadd906d5"}
,"/Users/richardgarcia/Documents/proyects/proyecto-psuia/frontend/src/components/PrivateRoute.js": {"path":"/Users/richardgarcia/Documents/proyects/proyecto-psuia/frontend/src/components/PrivateRoute.js","statementMap":{"0":{"start":{"line":5,"column":21},"end":{"line":7,"column":1}},"1":{"start":{"line":6,"column":2},"end":{"line":6,"column":77}}},"fnMap":{"0":{"name":"(anonymous_0)","decl":{"start":{"line":5,"column":21},"end":{"line":5,"column":22}},"loc":{"start":{"line":5,"column":39},"end":{"line":7,"column":1}},"line":5}},"branchMap":{"0":{"loc":{"start":{"line":6,"column":9},"end":{"line":6,"column":76}},"type":"cond-expr","locations":[{"start":{"line":6,"column":41},"end":{"line":6,"column":49}},{"start":{"line":6,"column":52},"end":{"line":6,"column":76}}],"line":6}},"s":{"0":1,"1":7},"f":{"0":7},"b":{"0":[3,4]},"_coverageSchema":"1a1c01bbd47fc00a2c39e90264f33305004495a9","hash":"7598d9777db39081c850a2c380d1aded9f664cfe"}
,"/Users/richardgarcia/Documents/proyects/proyecto-psuia/frontend/src/components/Register.js": {"path":"/Users/richardgarcia/Documents/proyects/proyecto-psuia/frontend/src/components/Register.js","statementMap":{"0":{"start":{"line":5,"column":17},"end":{"line":147,"column":1}},"1":{"start":{"line":6,"column":19},"end":{"line":6,"column":32}},"2":{"start":{"line":7,"column":34},"end":{"line":12,"column":4}},"3":{"start":{"line":13,"column":28},"end":{"line":13,"column":40}},"4":{"start":{"line":14,"column":32},"end":{"line":14,"column":47}},"5":{"start":{"line":16,"column":23},"end":{"line":21,"column":3}},"6":{"start":{"line":17,"column":4},"end":{"line":20,"column":7}},"7":{"start":{"line":23,"column":23},"end":{"line":52,"column":3}},"8":{"start":{"line":24,"column":4},"end":{"line":24,"column":23}},"9":{"start":{"line":25,"column":4},"end":{"line":25,"column":17}},"10":{"start":{"line":28,"column":4},"end":{"line":31,"column":5}},"11":{"start":{"line":29,"column":6},"end":{"line":29,"column":47}},"12":{"start":{"line":30,"column":6},"end":{"line":30,"column":13}},"13":{"start":{"line":33,"column":4},"end":{"line":36,"column":5}},"14":{"start":{"line":34,"column":6},"end":{"line":34,"column":65}},"15":{"start":{"line":35,"column":6},"end":{"line":35,"column":13}},"16":{"start":{"line":38,"column":4},"end":{"line":38,"column":21}},"17":{"start":{"line":40,"column":4},"end":{"line":51,"column":5}},"18":{"start":{"line":41,"column":6},"end":{"line":45,"column":9}},"19":{"start":{"line":46,"column":6},"end":{"line":46,"column":29}},"20":{"start":{"line":48,"column":6},"end":{"line":48,"column":74}},"21":{"start":{"line":50,"column":6},"end":{"line":50,"column":24}},"22":{"start":{"line":54,"column":2},"end":{"line":146,"column":4}}},"fnMap":{"0":{"name":"(anonymous_0)","decl":{"start":{"line":5,"column":17},"end":{"line":5,"column":18}},"loc":{"start":{"line":5,"column":23},"end":{"line":147,"column":1}},"line":5},"1":{"name":"(anonymous_1)","decl":{"start":{"line":16,"column":23},"end":{"line":16,"column":24}},"loc":{"start":{"line":16,"column":30},"end":{"line":21,"column":3}},"line":16},"2":{"name":"(anonymous_2)","decl":{"start":{"line":23,"column":23},"end":{"line":23,"column":24}},"loc":{"start":{"line":23,"column":36},"end":{"line":52,"column":3}},"line":23}},"branchMap":{"0":{"loc":{"start":{"line":28,"column":4},"end":{"line":31,"column":5}},"type":"if","locations":[{"start":{"line":28,"column":4},"end":{"line":31,"column":5}},{"start":{},"end":{}}],"line":28},"1":{"loc":{"start":{"line":33,"column":4},"end":{"line":36,"column":5}},"type":"if","locations":[{"start":{"line":33,"column":4},"end":{"line":36,"column":5}},{"start":{},"end":{}}],"line":33},"2":{"loc":{"start":{"line":48,"column":15},"end":{"line":48,"column":72}},"type":"binary-expr","locations":[{"start":{"line":48,"column":15},"end":{"line":48,"column":40}},{"start":{"line":48,"column":44},"end":{"line":48,"column":72}}],"line":48},"3":{"loc":{"start":{"line":64,"column":9},"end":{"line":64,"column":62}},"type":"binary-expr","locations":[{"start":{"line":64,"column":9},"end":{"line":64,"column":14}},{"start":{"line":64,"column":18},"end":{"line":64,"column":62}}],"line":64},"4":{"loc":{"start":{"line":121,"column":13},"end":{"line":121,"column":55}},"type":"cond-expr","locations":[{"start":{"line":121,"column":23},"end":{"line":121,"column":39}},{"start":{"line":121,"column":42},"end":{"line":121,"column":55}}],"line":121}},"s":{"0":1,"1":16,"2":16,"3":16,"4":16,"5":16,"6":8,"7":16,"8":2,"9":2,"10":2,"11":0,"12":0,"13":2,"14":0,"15":0,"16":2,"17":2,"18":2,"19":1,"20":1,"21":2,"22":16},"f":{"0":16,"1":8,"2":2},"b":{"0":[0,2],"1":[0,2],"2":[1,1],"3":[16,1],"4":[2,14]},"_coverageSchema":"1a1c01bbd47fc00a2c39e90264f33305004495a9","hash":"d04cef394beaa49d690c549e3574a7cd16486f7f"}
,"/Users/richardgarcia/Documents/proyects/proyecto-psuia/frontend/src/components/Sidebar.js": {"path":"/Users/richardgarcia/Documents/proyects/proyecto-psuia/frontend/src/components/Sidebar.js","statementMap":{"0":{"start":{"line":13,"column":16},"end":{"line":69,"column":1}},"1":{"start":{"line":14,"column":19},"end":{"line":14,"column":32}},"2":{"start":{"line":15,"column":19},"end":{"line":15,"column":32}},"3":{"start":{"line":17,"column":23},"end":{"line":20,"column":3}},"4":{"start":{"line":18,"column":4},"end":{"line":18,"column":25}},"5":{"start":{"line":19,"column":4},"end":{"line":19,"column":23}},"6":{"start":{"line":22,"column":20},"end":{"line":27,"column":3}},"7":{"start":{"line":29,"column":19},"end":{"line":29,"column":55}},"8":{"start":{"line":29,"column":29},"end":{"line":29,"column":55}},"9":{"start":{"line":31,"column":2},"end":{"line":68,"column":4}},"10":{"start":{"line":45,"column":23},"end":{"line":45,"column":32}},"11":{"start":{"line":46,"column":10},"end":{"line":57,"column":12}}},"fnMap":{"0":{"name":"(anonymous_0)","decl":{"start":{"line":13,"column":16},"end":{"line":13,"column":17}},"loc":{"start":{"line":13,"column":22},"end":{"line":69,"column":1}},"line":13},"1":{"name":"(anonymous_1)","decl":{"start":{"line":17,"column":23},"end":{"line":17,"column":24}},"loc":{"start":{"line":17,"column":29},"end":{"line":20,"column":3}},"line":17},"2":{"name":"(anonymous_2)","decl":{"start":{"line":29,"column":19},"end":{"line":29,"column":20}},"loc":{"start":{"line":29,"column":29},"end":{"line":29,"column":55}},"line":29},"3":{"name":"(anonymous_3)","decl":{"start":{"line":44,"column":23},"end":{"line":44,"column":24}},"loc":{"start":{"line":44,"column":33},"end":{"line":58,"column":9}},"line":44}},"branchMap":{"0":{"loc":{"start":{"line":51,"column":16},"end":{"line":51,"column":51}},"type":"cond-expr","locations":[{"start":{"line":51,"column":38},"end":{"line":51,"column":46}},{"start":{"line":51,"column":49},"end":{"line":51,"column":51}}],"line":51}},"s":{"0":1,"1":3,"2":3,"3":3,"4":0,"5":0,"6":3,"7":3,"8":12,"9":3,"10":12,"11":12},"f":{"0":3,"1":0,"2":12,"3":12},"b":{"0":[0,12]},"_coverageSchema":"1a1c01bbd47fc00a2c39e90264f33305004495a9","hash":"2356f3db2f97d23028cdb8c7070eddf79437103e"}
,"/Users/richardgarcia/Documents/proyects/proyecto-psuia/frontend/src/components/TopBar.js": {"path":"/Users/richardgarcia/Documents/proyects/proyecto-psuia/frontend/src/components/TopBar.js","statementMap":{"0":{"start":{"line":5,"column":15},"end":{"line":29,"column":1}},"1":{"start":{"line":6,"column":15},"end":{"line":6,"column":43}},"2":{"start":{"line":7,"column":22},"end":{"line":12,"column":4}},"3":{"start":{"line":14,"column":2},"end":{"line":28,"column":4}}},"fnMap":{"0":{"name":"(anonymous_0)","decl":{"start":{"line":5,"column":15},"end":{"line":5,"column":16}},"loc":{"start":{"line":5,"column":21},"end":{"line":29,"column":1}},"line":5}},"branchMap":{"0":{"loc":{"start":{"line":20,"column":9},"end":{"line":25,"column":9}},"type":"binary-expr","locations":[{"start":{"line":20,"column":9},"end":{"line":20,"column":13}},{"start":{"line":21,"column":10},"end":{"line":24,"column":16}}],"line":20}},"s":{"0":1,"1":3,"2":3,"3":3},"f":{"0":3},"b":{"0":[3,2]},"_coverageSchema":"1a1c01bbd47fc00a2c39e90264f33305004495a9","hash":"b06b29d60f2537760f0badb87402ba9f32573dbf"}
,"/Users/richardgarcia/Documents/proyects/proyecto-psuia/frontend/src/components/Transactions.js": {"path":"/Users/richardgarcia/Documents/proyects/proyecto-psuia/frontend/src/components/Transactions.js","statementMap":{"0":{"start":{"line":5,"column":21},"end":{"line":439,"column":1}},"1":{"start":{"line":6,"column":42},"end":{"line":6,"column":54}},"2":{"start":{"line":7,"column":38},"end":{"line":7,"column":50}},"3":{"start":{"line":8,"column":32},"end":{"line":8,"column":46}},"4":{"start":{"line":9,"column":36},"end":{"line":9,"column":51}},"5":{"start":{"line":10,"column":54},"end":{"line":10,"column":68}},"6":{"start":{"line":11,"column":32},"end":{"line":16,"column":4}},"7":{"start":{"line":18,"column":34},"end":{"line":24,"column":4}},"8":{"start":{"line":26,"column":2},"end":{"line":29,"column":9}},"9":{"start":{"line":27,"column":4},"end":{"line":27,"column":21}},"10":{"start":{"line":28,"column":4},"end":{"line":28,"column":23}},"11":{"start":{"line":31,"column":27},"end":{"line":44,"column":3}},"12":{"start":{"line":32,"column":4},"end":{"line":43,"column":5}},"13":{"start":{"line":33,"column":6},"end":{"line":33,"column":23}},"14":{"start":{"line":34,"column":27},"end":{"line":36,"column":7}},"15":{"start":{"line":35,"column":51},"end":{"line":35,"column":59}},"16":{"start":{"line":37,"column":19},"end":{"line":37,"column":64}},"17":{"start":{"line":38,"column":6},"end":{"line":38,"column":28}},"18":{"start":{"line":40,"column":6},"end":{"line":40,"column":61}},"19":{"start":{"line":42,"column":6},"end":{"line":42,"column":24}},"20":{"start":{"line":46,"column":25},"end":{"line":53,"column":3}},"21":{"start":{"line":47,"column":4},"end":{"line":52,"column":5}},"22":{"start":{"line":48,"column":19},"end":{"line":48,"column":49}},"23":{"start":{"line":49,"column":6},"end":{"line":49,"column":26}},"24":{"start":{"line":51,"column":6},"end":{"line":51,"column":58}},"25":{"start":{"line":55,"column":26},"end":{"line":76,"column":3}},"26":{"start":{"line":56,"column":4},"end":{"line":74,"column":5}},"27":{"start":{"line":57,"column":6},"end":{"line":57,"column":41}},"28":{"start":{"line":58,"column":6},"end":{"line":64,"column":9}},"29":{"start":{"line":66,"column":6},"end":{"line":66,"column":34}},"30":{"start":{"line":67,"column":6},"end":{"line":73,"column":9}},"31":{"start":{"line":75,"column":4},"end":{"line":75,"column":23}},"32":{"start":{"line":78,"column":27},"end":{"line":81,"column":3}},"33":{"start":{"line":79,"column":4},"end":{"line":79,"column":24}},"34":{"start":{"line":80,"column":4},"end":{"line":80,"column":32}},"35":{"start":{"line":83,"column":23},"end":{"line":96,"column":3}},"36":{"start":{"line":84,"column":4},"end":{"line":84,"column":23}},"37":{"start":{"line":85,"column":4},"end":{"line":95,"column":5}},"38":{"start":{"line":86,"column":6},"end":{"line":90,"column":7}},"39":{"start":{"line":87,"column":8},"end":{"line":87,"column":73}},"40":{"start":{"line":89,"column":8},"end":{"line":89,"column":50}},"41":{"start":{"line":91,"column":6},"end":{"line":91,"column":25}},"42":{"start":{"line":92,"column":6},"end":{"line":92,"column":25}},"43":{"start":{"line":94,"column":6},"end":{"line":94,"column":44}},"44":{"start":{"line":98,"column":23},"end":{"line":107,"column":3}},"45":{"start":{"line":99,"column":4},"end":{"line":106,"column":5}},"46":{"start":{"line":100,"column":6},"end":{"line":105,"column":7}},"47":{"start":{"line":101,"column":8},"end":{"line":101,"column":44}},"48":{"start":{"line":102,"column":8},"end":{"line":102,"column":27}},"49":{"start":{"line":104,"column":8},"end":{"line":104,"column":47}},"50":{"start":{"line":109,"column":29},"end":{"line":114,"column":3}},"51":{"start":{"line":110,"column":4},"end":{"line":113,"column":7}},"52":{"start":{"line":116,"column":23},"end":{"line":118,"column":3}},"53":{"start":{"line":117,"column":4},"end":{"line":117,"column":23}},"54":{"start":{"line":120,"column":23},"end":{"line":128,"column":3}},"55":{"start":{"line":121,"column":4},"end":{"line":126,"column":7}},"56":{"start":{"line":127,"column":4},"end":{"line":127,"column":46}},"57":{"start":{"line":127,"column":21},"end":{"line":127,"column":39}},"58":{"start":{"line":130,"column":25},"end":{"line":135,"column":3}},"59":{"start":{"line":131,"column":4},"end":{"line":134,"column":22}},"60":{"start":{"line":137,"column":29},"end":{"line":139,"column":16}},"61":{"start":{"line":138,"column":33},"end":{"line":138,"column":59}},"62":{"start":{"line":141,"column":2},"end":{"line":143,"column":3}},"63":{"start":{"line":142,"column":4},"end":{"line":142,"column":68}},"64":{"start":{"line":145,"column":2},"end":{"line":438,"column":4}},"65":{"start":{"line":156,"column":31},"end":{"line":156,"column":48}},"66":{"start":{"line":194,"column":16},"end":{"line":196,"column":25}},"67":{"start":{"line":250,"column":18},"end":{"line":295,"column":23}},"68":{"start":{"line":278,"column":39},"end":{"line":278,"column":67}},"69":{"start":{"line":288,"column":39},"end":{"line":288,"column":67}},"70":{"start":{"line":344,"column":20},"end":{"line":348,"column":22}},"71":{"start":{"line":365,"column":20},"end":{"line":365,"column":72}},"72":{"start":{"line":378,"column":20},"end":{"line":378,"column":70}},"73":{"start":{"line":389,"column":20},"end":{"line":389,"column":76}},"74":{"start":{"line":395,"column":20},"end":{"line":397,"column":29}},"75":{"start":{"line":407,"column":20},"end":{"line":407,"column":77}}},"fnMap":{"0":{"name":"(anonymous_0)","decl":{"start":{"line":5,"column":21},"end":{"line":5,"column":22}},"loc":{"start":{"line":5,"column":27},"end":{"line":439,"column":1}},"line":5},"1":{"name":"(anonymous_1)","decl":{"start":{"line":26,"column":12},"end":{"line":26,"column":13}},"loc":{"start":{"line":26,"column":18},"end":{"line":29,"column":3}},"line":26},"2":{"name":"(anonymous_2)","decl":{"start":{"line":31,"column":27},"end":{"line":31,"column":28}},"loc":{"start":{"line":31,"column":39},"end":{"line":44,"column":3}},"line":31},"3":{"name":"(anonymous_3)","decl":{"start":{"line":35,"column":39},"end":{"line":35,"column":40}},"loc":{"start":{"line":35,"column":51},"end":{"line":35,"column":59}},"line":35},"4":{"name":"(anonymous_4)","decl":{"start":{"line":46,"column":25},"end":{"line":46,"column":26}},"loc":{"start":{"line":46,"column":37},"end":{"line":53,"column":3}},"line":46},"5":{"name":"(anonymous_5)","decl":{"start":{"line":55,"column":26},"end":{"line":55,"column":27}},"loc":{"start":{"line":55,"column":50},"end":{"line":76,"column":3}},"line":55},"6":{"name":"(anonymous_6)","decl":{"start":{"line":78,"column":27},"end":{"line":78,"column":28}},"loc":{"start":{"line":78,"column":33},"end":{"line":81,"column":3}},"line":78},"7":{"name":"(anonymous_7)","decl":{"start":{"line":83,"column":23},"end":{"line":83,"column":24}},"loc":{"start":{"line":83,"column":36},"end":{"line":96,"column":3}},"line":83},"8":{"name":"(anonymous_8)","decl":{"start":{"line":98,"column":23},"end":{"line":98,"column":24}},"loc":{"start":{"line":98,"column":37},"end":{"line":107,"column":3}},"line":98},"9":{"name":"(anonymous_9)","decl":{"start":{"line":109,"column":29},"end":{"line":109,"column":30}},"loc":{"start":{"line":109,"column":36},"end":{"line":114,"column":3}},"line":109},"10":{"name":"(anonymous_10)","decl":{"start":{"line":116,"column":23},"end":{"line":116,"column":24}},"loc":{"start":{"line":116,"column":29},"end":{"line":118,"column":3}},"line":116},"11":{"name":"(anonymous_11)","decl":{"start":{"line":120,"column":23},"end":{"line":120,"column":24}},"loc":{"start":{"line":120,"column":29},"end":{"line":128,"column":3}},"line":120},"12":{"name":"(anonymous_12)","decl":{"start":{"line":127,"column":15},"end":{"line":127,"column":16}},"loc":{"start":{"line":127,"column":21},"end":{"line":127,"column":39}},"line":127},"13":{"name":"(anonymous_13)","decl":{"start":{"line":130,"column":25},"end":{"line":130,"column":26}},"loc":{"start":{"line":130,"column":37},"end":{"line":135,"column":3}},"line":130},"14":{"name":"(anonymous_14)","decl":{"start":{"line":138,"column":24},"end":{"line":138,"column":25}},"loc":{"start":{"line":138,"column":33},"end":{"line":138,"column":59}},"line":138},"15":{"name":"(anonymous_15)","decl":{"start":{"line":156,"column":25},"end":{"line":156,"column":26}},"loc":{"start":{"line":156,"column":31},"end":{"line":156,"column":48}},"line":156},"16":{"name":"(anonymous_16)","decl":{"start":{"line":193,"column":30},"end":{"line":193,"column":31}},"loc":{"start":{"line":194,"column":16},"end":{"line":196,"column":25}},"line":194},"17":{"name":"(anonymous_17)","decl":{"start":{"line":249,"column":34},"end":{"line":249,"column":35}},"loc":{"start":{"line":250,"column":18},"end":{"line":295,"column":23}},"line":250},"18":{"name":"(anonymous_18)","decl":{"start":{"line":278,"column":33},"end":{"line":278,"column":34}},"loc":{"start":{"line":278,"column":39},"end":{"line":278,"column":67}},"line":278},"19":{"name":"(anonymous_19)","decl":{"start":{"line":288,"column":33},"end":{"line":288,"column":34}},"loc":{"start":{"line":288,"column":39},"end":{"line":288,"column":67}},"line":288},"20":{"name":"(anonymous_20)","decl":{"start":{"line":343,"column":28},"end":{"line":343,"column":29}},"loc":{"start":{"line":344,"column":20},"end":{"line":348,"column":22}},"line":344},"21":{"name":"(anonymous_21)","decl":{"start":{"line":364,"column":28},"end":{"line":364,"column":29}},"loc":{"start":{"line":365,"column":20},"end":{"line":365,"column":72}},"line":365},"22":{"name":"(anonymous_22)","decl":{"start":{"line":377,"column":28},"end":{"line":377,"column":29}},"loc":{"start":{"line":378,"column":20},"end":{"line":378,"column":70}},"line":378},"23":{"name":"(anonymous_23)","decl":{"start":{"line":388,"column":28},"end":{"line":388,"column":29}},"loc":{"start":{"line":389,"column":20},"end":{"line":389,"column":76}},"line":389},"24":{"name":"(anonymous_24)","decl":{"start":{"line":394,"column":42},"end":{"line":394,"column":43}},"loc":{"start":{"line":395,"column":20},"end":{"line":397,"column":29}},"line":395},"25":{"name":"(anonymous_25)","decl":{"start":{"line":406,"column":28},"end":{"line":406,"column":29}},"loc":{"start":{"line":407,"column":20},"end":{"line":407,"column":77}},"line":407}},"branchMap":{"0":{"loc":{"start":{"line":55,"column":27},"end":{"line":55,"column":45}},"type":"default-arg","locations":[{"start":{"line":55,"column":41},"end":{"line":55,"column":45}}],"line":55},"1":{"loc":{"start":{"line":56,"column":4},"end":{"line":74,"column":5}},"type":"if","locations":[{"start":{"line":56,"column":4},"end":{"line":74,"column":5}},{"start":{"line":65,"column":11},"end":{"line":74,"column":5}}],"line":56},"2":{"loc":{"start":{"line":86,"column":6},"end":{"line":90,"column":7}},"type":"if","locations":[{"start":{"line":86,"column":6},"end":{"line":90,"column":7}},{"start":{"line":88,"column":13},"end":{"line":90,"column":7}}],"line":86},"3":{"loc":{"start":{"line":99,"column":4},"end":{"line":106,"column":5}},"type":"if","locations":[{"start":{"line":99,"column":4},"end":{"line":106,"column":5}},{"start":{},"end":{}}],"line":99},"4":{"loc":{"start":{"line":137,"column":29},"end":{"line":139,"column":16}},"type":"cond-expr","locations":[{"start":{"line":138,"column":6},"end":{"line":138,"column":60}},{"start":{"line":139,"column":6},"end":{"line":139,"column":16}}],"line":137},"5":{"loc":{"start":{"line":141,"column":2},"end":{"line":143,"column":3}},"type":"if","locations":[{"start":{"line":141,"column":2},"end":{"line":143,"column":3}},{"start":{},"end":{}}],"line":141},"6":{"loc":{"start":{"line":235,"column":9},"end":{"line":304,"column":9}},"type":"cond-expr","locations":[{"start":{"line":236,"column":10},"end":{"line":299,"column":16}},{"start":{"line":301,"column":10},"end":{"line":303,"column":14}}],"line":235},"7":{"loc":{"start":{"line":262,"column":25},"end":{"line":262,"column":76}},"type":"cond-expr","locations":[{"start":{"line":262,"column":57},"end":{"line":262,"column":66}},{"start":{"line":262,"column":69},"end":{"line":262,"column":76}}],"line":262},"8":{"loc":{"start":{"line":269,"column":26},"end":{"line":269,"column":79}},"type":"cond-expr","locations":[{"start":{"line":269,"column":58},"end":{"line":269,"column":67}},{"start":{"line":269,"column":70},"end":{"line":269,"column":79}}],"line":269},"9":{"loc":{"start":{"line":273,"column":23},"end":{"line":273,"column":64}},"type":"cond-expr","locations":[{"start":{"line":273,"column":55},"end":{"line":273,"column":58}},{"start":{"line":273,"column":61},"end":{"line":273,"column":64}}],"line":273},"10":{"loc":{"start":{"line":308,"column":7},"end":{"line":436,"column":7}},"type":"binary-expr","locations":[{"start":{"line":308,"column":7},"end":{"line":308,"column":16}},{"start":{"line":309,"column":8},"end":{"line":435,"column":14}}],"line":308},"11":{"loc":{"start":{"line":335,"column":15},"end":{"line":335,"column":78}},"type":"cond-expr","locations":[{"start":{"line":335,"column":36},"end":{"line":335,"column":56}},{"start":{"line":335,"column":59},"end":{"line":335,"column":78}}],"line":335},"12":{"loc":{"start":{"line":422,"column":19},"end":{"line":422,"column":64}},"type":"cond-expr","locations":[{"start":{"line":422,"column":40},"end":{"line":422,"column":52}},{"start":{"line":422,"column":55},"end":{"line":422,"column":64}}],"line":422}},"s":{"0":1,"1":7,"2":7,"3":7,"4":7,"5":7,"6":7,"7":7,"8":7,"9":4,"10":4,"11":7,"12":4,"13":4,"14":4,"15":16,"16":4,"17":3,"18":1,"19":4,"20":7,"21":4,"22":4,"23":4,"24":0,"25":7,"26":0,"27":0,"28":0,"29":0,"30":0,"31":0,"32":7,"33":0,"34":0,"35":7,"36":0,"37":0,"38":0,"39":0,"40":0,"41":0,"42":0,"43":0,"44":7,"45":0,"46":0,"47":0,"48":0,"49":0,"50":7,"51":0,"52":7,"53":0,"54":7,"55":0,"56":0,"57":0,"58":7,"59":1,"60":7,"61":3,"62":7,"63":4,"64":3,"65":0,"66":3,"67":1,"68":0,"69":0,"70":0,"71":0,"72":0,"73":0,"74":0,"75":0},"f":{"0":7,"1":4,"2":4,"3":16,"4":4,"5":0,"6":0,"7":0,"8":0,"9":0,"10":0,"11":0,"12":0,"13":1,"14":3,"15":0,"16":3,"17":1,"18":0,"19":0,"20":0,"21":0,"22":0,"23":0,"24":0,"25":0},"b":{"0":[0],"1":[0,0],"2":[0,0],"3":[0,0],"4":[7,0],"5":[4,3],"6":[1,2],"7":[0,1],"8":[0,1],"9":[0,1],"10":[3,0],"11":[0,0],"12":[0,0]},"_coverageSchema":"1a1c01bbd47fc00a2c39e90264f33305004495a9","hash":"4dd15efc5fb7e32fbffa2a204a5ca2626adc79d1"}
,"/Users/richardgarcia/Documents/proyects/proyecto-psuia/frontend/src/services/api.js": {"path":"/Users/richardgarcia/Documents/proyects/proyecto-psuia/frontend/src/services/api.js","statementMap":{"0":{"start":{"line":3,"column":16},"end":{"line":3,"column":76}},"1":{"start":{"line":6,"column":12},"end":{"line":11,"column":2}},"2":{"start":{"line":14,"column":0},"end":{"line":25,"column":2}},"3":{"start":{"line":16,"column":18},"end":{"line":16,"column":47}},"4":{"start":{"line":17,"column":4},"end":{"line":19,"column":5}},"5":{"start":{"line":18,"column":6},"end":{"line":18,"column":55}},"6":{"start":{"line":20,"column":4},"end":{"line":20,"column":18}},"7":{"start":{"line":23,"column":4},"end":{"line":23,"column":33}},"8":{"start":{"line":28,"column":0},"end":{"line":38,"column":2}},"9":{"start":{"line":29,"column":16},"end":{"line":29,"column":24}},"10":{"start":{"line":31,"column":4},"end":{"line":35,"column":5}},"11":{"start":{"line":32,"column":6},"end":{"line":32,"column":39}},"12":{"start":{"line":33,"column":6},"end":{"line":33,"column":38}},"13":{"start":{"line":34,"column":6},"end":{"line":34,"column":38}},"14":{"start":{"line":36,"column":4},"end":{"line":36,"column":33}},"15":{"start":{"line":41,"column":27},"end":{"line":78,"column":1}},"16":{"start":{"line":43,"column":21},"end":{"line":43,"column":63}},"17":{"start":{"line":44,"column":4},"end":{"line":47,"column":5}},"18":{"start":{"line":45,"column":6},"end":{"line":45,"column":57}},"19":{"start":{"line":46,"column":6},"end":{"line":46,"column":71}},"20":{"start":{"line":48,"column":4},"end":{"line":48,"column":25}},"21":{"start":{"line":52,"column":21},"end":{"line":52,"column":63}},"22":{"start":{"line":53,"column":4},"end":{"line":56,"column":5}},"23":{"start":{"line":54,"column":6},"end":{"line":54,"column":57}},"24":{"start":{"line":55,"column":6},"end":{"line":55,"column":71}},"25":{"start":{"line":57,"column":4},"end":{"line":57,"column":25}},"26":{"start":{"line":61,"column":4},"end":{"line":61,"column":37}},"27":{"start":{"line":62,"column":4},"end":{"line":62,"column":36}},"28":{"start":{"line":66,"column":21},"end":{"line":66,"column":51}},"29":{"start":{"line":67,"column":4},"end":{"line":67,"column":25}},"30":{"start":{"line":71,"column":20},"end":{"line":71,"column":48}},"31":{"start":{"line":72,"column":4},"end":{"line":72,"column":48}},"32":{"start":{"line":76,"column":4},"end":{"line":76,"column":43}},"33":{"start":{"line":81,"column":34},"end":{"line":104,"column":1}},"34":{"start":{"line":83,"column":19},"end":{"line":83,"column":58}},"35":{"start":{"line":84,"column":21},"end":{"line":86,"column":5}},"36":{"start":{"line":87,"column":4},"end":{"line":87,"column":25}},"37":{"start":{"line":91,"column":21},"end":{"line":91,"column":69}},"38":{"start":{"line":92,"column":4},"end":{"line":92,"column":25}},"39":{"start":{"line":96,"column":21},"end":{"line":96,"column":74}},"40":{"start":{"line":97,"column":4},"end":{"line":97,"column":25}},"41":{"start":{"line":101,"column":21},"end":{"line":101,"column":60}},"42":{"start":{"line":102,"column":4},"end":{"line":102,"column":25}},"43":{"start":{"line":107,"column":31},"end":{"line":113,"column":1}},"44":{"start":{"line":109,"column":19},"end":{"line":109,"column":46}},"45":{"start":{"line":110,"column":21},"end":{"line":110,"column":58}},"46":{"start":{"line":111,"column":4},"end":{"line":111,"column":25}},"47":{"start":{"line":116,"column":32},"end":{"line":124,"column":1}},"48":{"start":{"line":118,"column":19},"end":{"line":118,"column":58}},"49":{"start":{"line":119,"column":21},"end":{"line":121,"column":5}},"50":{"start":{"line":122,"column":4},"end":{"line":122,"column":25}},"51":{"start":{"line":127,"column":29},"end":{"line":150,"column":1}},"52":{"start":{"line":129,"column":19},"end":{"line":129,"column":70}},"53":{"start":{"line":130,"column":21},"end":{"line":130,"column":55}},"54":{"start":{"line":131,"column":4},"end":{"line":131,"column":25}},"55":{"start":{"line":135,"column":21},"end":{"line":137,"column":5}},"56":{"start":{"line":138,"column":4},"end":{"line":138,"column":25}},"57":{"start":{"line":142,"column":21},"end":{"line":142,"column":59}},"58":{"start":{"line":143,"column":4},"end":{"line":143,"column":25}},"59":{"start":{"line":147,"column":21},"end":{"line":147,"column":55}},"60":{"start":{"line":148,"column":4},"end":{"line":148,"column":25}}},"fnMap":{"0":{"name":"(anonymous_0)","decl":{"start":{"line":15,"column":2},"end":{"line":15,"column":3}},"loc":{"start":{"line":15,"column":14},"end":{"line":21,"column":3}},"line":15},"1":{"name":"(anonymous_1)","decl":{"start":{"line":22,"column":2},"end":{"line":22,"column":3}},"loc":{"start":{"line":22,"column":13},"end":{"line":24,"column":3}},"line":22},"2":{"name":"(anonymous_2)","decl":{"start":{"line":29,"column":2},"end":{"line":29,"column":3}},"loc":{"start":{"line":29,"column":16},"end":{"line":29,"column":24}},"line":29},"3":{"name":"(anonymous_3)","decl":{"start":{"line":30,"column":2},"end":{"line":30,"column":3}},"loc":{"start":{"line":30,"column":13},"end":{"line":37,"column":3}},"line":30},"4":{"name":"(anonymous_4)","decl":{"start":{"line":42,"column":12},"end":{"line":42,"column":13}},"loc":{"start":{"line":42,"column":32},"end":{"line":49,"column":3}},"line":42},"5":{"name":"(anonymous_5)","decl":{"start":{"line":51,"column":9},"end":{"line":51,"column":10}},"loc":{"start":{"line":51,"column":32},"end":{"line":58,"column":3}},"line":51},"6":{"name":"(anonymous_6)","decl":{"start":{"line":60,"column":10},"end":{"line":60,"column":11}},"loc":{"start":{"line":60,"column":16},"end":{"line":63,"column":3}},"line":60},"7":{"name":"(anonymous_7)","decl":{"start":{"line":65,"column":14},"end":{"line":65,"column":15}},"loc":{"start":{"line":65,"column":26},"end":{"line":68,"column":3}},"line":65},"8":{"name":"(anonymous_8)","decl":{"start":{"line":70,"column":18},"end":{"line":70,"column":19}},"loc":{"start":{"line":70,"column":24},"end":{"line":73,"column":3}},"line":70},"9":{"name":"(anonymous_9)","decl":{"start":{"line":75,"column":19},"end":{"line":75,"column":20}},"loc":{"start":{"line":75,"column":25},"end":{"line":77,"column":3}},"line":75},"10":{"name":"(anonymous_10)","decl":{"start":{"line":82,"column":10},"end":{"line":82,"column":11}},"loc":{"start":{"line":82,"column":34},"end":{"line":88,"column":3}},"line":82},"11":{"name":"(anonymous_11)","decl":{"start":{"line":90,"column":10},"end":{"line":90,"column":11}},"loc":{"start":{"line":90,"column":37},"end":{"line":93,"column":3}},"line":90},"12":{"name":"(anonymous_12)","decl":{"start":{"line":95,"column":10},"end":{"line":95,"column":11}},"loc":{"start":{"line":95,"column":41},"end":{"line":98,"column":3}},"line":95},"13":{"name":"(anonymous_13)","decl":{"start":{"line":100,"column":10},"end":{"line":100,"column":11}},"loc":{"start":{"line":100,"column":24},"end":{"line":103,"column":3}},"line":100},"14":{"name":"(anonymous_14)","decl":{"start":{"line":108,"column":10},"end":{"line":108,"column":11}},"loc":{"start":{"line":108,"column":33},"end":{"line":112,"column":3}},"line":108},"15":{"name":"(anonymous_15)","decl":{"start":{"line":117,"column":14},"end":{"line":117,"column":15}},"loc":{"start":{"line":117,"column":38},"end":{"line":123,"column":3}},"line":117},"16":{"name":"(anonymous_16)","decl":{"start":{"line":128,"column":10},"end":{"line":128,"column":11}},"loc":{"start":{"line":128,"column":47},"end":{"line":132,"column":3}},"line":128},"17":{"name":"(anonymous_17)","decl":{"start":{"line":134,"column":15},"end":{"line":134,"column":16}},"loc":{"start":{"line":134,"column":38},"end":{"line":139,"column":3}},"line":134},"18":{"name":"(anonymous_18)","decl":{"start":{"line":141,"column":10},"end":{"line":141,"column":11}},"loc":{"start":{"line":141,"column":32},"end":{"line":144,"column":3}},"line":141},"19":{"name":"(anonymous_19)","decl":{"start":{"line":146,"column":10},"end":{"line":146,"column":11}},"loc":{"start":{"line":146,"column":24},"end":{"line":149,"column":3}},"line":146}},"branchMap":{"0":{"loc":{"start":{"line":3,"column":16},"end":{"line":3,"column":76}},"type":"binary-expr","locations":[{"start":{"line":3,"column":16},"end":{"line":3,"column":45}},{"start":{"line":3,"column":49},"end":{"line":3,"column":76}}],"line":3},"1":{"loc":{"start":{"line":17,"column":4},"end":{"line":19,"column":5}},"type":"if","locations":[{"start":{"line":17,"column":4},"end":{"line":19,"column":5}},{"start":{},"end":{}}],"line":17},"2":{"loc":{"start":{"line":31,"column":4},"end":{"line":35,"column":5}},"type":"if","locations":[{"start":{"line":31,"column":4},"end":{"line":35,"column":5}},{"start":{},"end":{}}],"line":31},"3":{"loc":{"start":{"line":44,"column":4},"end":{"line":47,"column":5}},"type":"if","locations":[{"start":{"line":44,"column":4},"end":{"line":47,"column":5}},{"start":{},"end":{}}],"line":44},"4":{"loc":{"start":{"line":53,"column":4},"end":{"line":56,"column":5}},"type":"if","locations":[{"start":{"line":53,"column":4},"end":{"line":56,"column":5}},{"start":{},"end":{}}],"line":53},"5":{"loc":{"start":{"line":72,"column":11},"end":{"line":72,"column":47}},"type":"cond-expr","locations":[{"start":{"line":72,"column":21},"end":{"line":72,"column":40}},{"start":{"line":72,"column":43},"end":{"line":72,"column":47}}],"line":72},"6":{"loc":{"start":{"line":82,"column":17},"end":{"line":82,"column":29}},"type":"default-arg","locations":[{"start":{"line":82,"column":27},"end":{"line":82,"column":29}}],"line":82},"7":{"loc":{"start":{"line":85,"column":22},"end":{"line":85,"column":48}},"type":"cond-expr","locations":[{"start":{"line":85,"column":31},"end":{"line":85,"column":43}},{"start":{"line":85,"column":46},"end":{"line":85,"column":48}}],"line":85},"8":{"loc":{"start":{"line":108,"column":17},"end":{"line":108,"column":28}},"type":"default-arg","locations":[{"start":{"line":108,"column":24},"end":{"line":108,"column":28}}],"line":108},"9":{"loc":{"start":{"line":109,"column":19},"end":{"line":109,"column":46}},"type":"cond-expr","locations":[{"start":{"line":109,"column":26},"end":{"line":109,"column":41}},{"start":{"line":109,"column":44},"end":{"line":109,"column":46}}],"line":109},"10":{"loc":{"start":{"line":117,"column":21},"end":{"line":117,"column":33}},"type":"default-arg","locations":[{"start":{"line":117,"column":31},"end":{"line":117,"column":33}}],"line":117},"11":{"loc":{"start":{"line":120,"column":27},"end":{"line":120,"column":53}},"type":"cond-expr","locations":[{"start":{"line":120,"column":36},"end":{"line":120,"column":48}},{"start":{"line":120,"column":51},"end":{"line":120,"column":53}}],"line":120},"12":{"loc":{"start":{"line":128,"column":17},"end":{"line":128,"column":29}},"type":"default-arg","locations":[{"start":{"line":128,"column":25},"end":{"line":128,"column":29}}],"line":128},"13":{"loc":{"start":{"line":128,"column":31},"end":{"line":128,"column":42}},"type":"default-arg","locations":[{"start":{"line":128,"column":38},"end":{"line":128,"column":42}}],"line":128},"14":{"loc":{"start":{"line":129,"column":19},"end":{"line":129,"column":70}},"type":"cond-expr","locations":[{"start":{"line":129,"column":35},"end":{"line":129,"column":65}},{"start":{"line":129,"column":68},"end":{"line":129,"column":70}}],"line":129},"15":{"loc":{"start":{"line":129,"column":19},"end":{"line":129,"column":32}},"type":"binary-expr","locations":[{"start":{"line":129,"column":19},"end":{"line":129,"column":24}},{"start":{"line":129,"column":28},"end":{"line":129,"column":32}}],"line":129}},"s":{"0":10,"1":10,"2":10,"3":0,"4":0,"5":0,"6":0,"7":0,"8":10,"9":0,"10":0,"11":0,"12":0,"13":0,"14":0,"15":10,"16":1,"17":1,"18":1,"19":1,"20":1,"21":1,"22":1,"23":1,"24":1,"25":1,"26":1,"27":1,"28":0,"29":0,"30":1,"31":1,"32":7,"33":10,"34":1,"35":1,"36":1,"37":1,"38":1,"39":1,"40":1,"41":1,"42":1,"43":10,"44":1,"45":1,"46":1,"47":10,"48":0,"49":0,"50":0,"51":10,"52":1,"53":1,"54":1,"55":1,"56":1,"57":1,"58":1,"59":1,"60":1},"f":{"0":0,"1":0,"2":0,"3":0,"4":1,"5":1,"6":1,"7":0,"8":1,"9":7,"10":1,"11":1,"12":1,"13":1,"14":1,"15":0,"16":1,"17":1,"18":1,"19":1},"b":{"0":[10,0],"1":[0,0],"2":[0,0],"3":[1,0],"4":[1,0],"5":[1,0],"6":[1],"7":[0,1],"8":[1],"9":[0,1],"10":[0],"11":[0,0],"12":[1],"13":[1],"14":[0,1],"15":[1,0]},"_coverageSchema":"1a1c01bbd47fc00a2c39e90264f33305004495a9","hash":"40b46d67d1c7dbf213eedc496fa15607988c0431"}
}
