TN:
SF:src/App.js
FN:21,AppContent
FN:86,App
FNF:2
FNH:0
FNDA:0,AppContent
FNDA:0,App
DA:22,0
DA:24,0
DA:25,0
DA:27,0
DA:87,0
LF:5
LH:0
BRDA:24,0,0,0
BRDA:24,0,1,0
BRDA:29,1,0,0
BRDA:29,1,1,0
BRDA:29,1,2,0
BRDA:74,2,0,0
BRDA:74,2,1,0
BRDA:74,2,2,0
BRF:8
BRH:0
end_of_record
TN:
SF:src/components/Budgets.js
FN:21,(anonymous_0)
FN:42,(anonymous_1)
FN:46,(anonymous_2)
FN:51,(anonymous_3)
FN:60,(anonymous_4)
FN:72,(anonymous_5)
FN:81,(anonymous_6)
FN:102,(anonymous_7)
FN:107,(anonymous_8)
FN:119,(anonymous_9)
FN:131,(anonymous_10)
FN:138,(anonymous_11)
FN:156,(anonymous_12)
FN:162,(anonymous_13)
FN:192,(anonymous_14)
FN:205,(anonymous_15)
FN:207,(anonymous_16)
FN:207,(anonymous_17)
FN:218,(anonymous_18)
FN:222,(anonymous_19)
FN:223,(anonymous_20)
FN:321,(anonymous_21)
FN:325,(anonymous_22)
FN:329,(anonymous_23)
FN:351,(anonymous_24)
FN:358,(anonymous_25)
FN:378,(anonymous_26)
FN:429,(anonymous_27)
FN:436,(anonymous_28)
FN:551,(anonymous_29)
FN:558,(anonymous_30)
FN:573,(anonymous_31)
FN:585,(anonymous_32)
FN:594,(anonymous_33)
FN:595,(anonymous_34)
FN:608,(anonymous_35)
FN:619,(anonymous_36)
FN:620,(anonymous_37)
FNF:38
FNH:18
FNDA:9,(anonymous_0)
FNDA:5,(anonymous_1)
FNDA:5,(anonymous_2)
FNDA:5,(anonymous_3)
FNDA:5,(anonymous_4)
FNDA:5,(anonymous_5)
FNDA:0,(anonymous_6)
FNDA:0,(anonymous_7)
FNDA:0,(anonymous_8)
FNDA:0,(anonymous_9)
FNDA:21,(anonymous_10)
FNDA:36,(anonymous_11)
FNDA:3,(anonymous_12)
FNDA:3,(anonymous_13)
FNDA:0,(anonymous_14)
FNDA:0,(anonymous_15)
FNDA:36,(anonymous_16)
FNDA:36,(anonymous_17)
FNDA:0,(anonymous_18)
FNDA:15,(anonymous_19)
FNDA:15,(anonymous_20)
FNDA:1,(anonymous_21)
FNDA:3,(anonymous_22)
FNDA:0,(anonymous_23)
FNDA:2,(anonymous_24)
FNDA:0,(anonymous_25)
FNDA:3,(anonymous_26)
FNDA:0,(anonymous_27)
FNDA:0,(anonymous_28)
FNDA:0,(anonymous_29)
FNDA:0,(anonymous_30)
FNDA:0,(anonymous_31)
FNDA:0,(anonymous_32)
FNDA:0,(anonymous_33)
FNDA:0,(anonymous_34)
FNDA:0,(anonymous_35)
FNDA:0,(anonymous_36)
FNDA:0,(anonymous_37)
DA:21,1
DA:22,9
DA:23,8
DA:24,8
DA:25,8
DA:26,8
DA:27,8
DA:29,8
DA:30,8
DA:33,8
DA:35,8
DA:42,8
DA:43,5
DA:46,8
DA:47,5
DA:48,5
DA:51,8
DA:52,5
DA:53,5
DA:54,5
DA:56,0
DA:60,8
DA:61,5
DA:62,5
DA:63,5
DA:64,3
DA:66,1
DA:68,4
DA:72,8
DA:73,5
DA:74,5
DA:75,5
DA:77,0
DA:81,8
DA:82,0
DA:83,0
DA:84,0
DA:91,0
DA:92,0
DA:99,0
DA:102,8
DA:103,0
DA:104,0
DA:107,8
DA:108,0
DA:109,0
DA:110,0
DA:111,0
DA:112,0
DA:113,0
DA:115,0
DA:119,8
DA:120,0
DA:121,0
DA:122,0
DA:123,0
DA:124,0
DA:126,0
DA:131,8
DA:132,21
DA:138,8
DA:139,36
DA:153,36
DA:156,8
DA:157,3
DA:158,0
DA:159,0
DA:162,8
DA:163,3
DA:164,0
DA:165,3
DA:166,0
DA:168,3
DA:171,8
DA:172,5
DA:175,3
DA:192,0
DA:205,0
DA:207,36
DA:208,36
DA:218,0
DA:222,15
DA:224,15
DA:322,1
DA:326,3
DA:329,0
DA:352,2
DA:358,0
DA:379,3
DA:429,0
DA:436,0
DA:552,0
DA:559,0
DA:574,0
DA:586,0
DA:594,0
DA:596,0
DA:609,0
DA:619,0
DA:621,0
LF:100
LH:57
BRDA:81,0,0,0
BRDA:82,1,0,0
BRDA:82,1,1,0
BRDA:120,2,0,0
BRDA:120,2,1,0
BRDA:157,3,0,3
BRDA:157,3,1,0
BRDA:158,4,0,0
BRDA:158,4,1,0
BRDA:163,5,0,0
BRDA:163,5,1,3
BRDA:165,6,0,0
BRDA:165,6,1,3
BRDA:171,7,0,5
BRDA:171,7,1,3
BRDA:234,8,0,3
BRDA:234,8,1,3
BRDA:234,8,2,3
BRDA:280,9,0,3
BRDA:280,9,1,0
BRDA:287,10,0,3
BRDA:287,10,1,0
BRDA:294,11,0,3
BRDA:294,11,1,0
BRDA:308,12,0,3
BRDA:308,12,1,3
BRDA:308,12,2,3
BRDA:369,13,0,3
BRDA:369,13,1,0
BRDA:369,14,0,3
BRDA:369,14,1,3
BRDA:385,15,0,0
BRDA:385,15,1,3
BRDA:491,16,0,3
BRDA:491,16,1,0
BRDA:495,17,0,3
BRDA:495,17,1,0
BRDA:498,18,0,3
BRDA:498,18,1,0
BRDA:518,19,0,3
BRDA:518,19,1,0
BRDA:543,20,0,0
BRDA:543,20,1,0
BRDA:637,21,0,0
BRDA:637,21,1,0
BRF:45
BRH:22
end_of_record
TN:
SF:src/components/CategoryStats.js
FN:18,(anonymous_0)
FN:30,(anonymous_1)
FN:34,(anonymous_2)
FN:53,(anonymous_3)
FN:72,(anonymous_4)
FN:76,(anonymous_5)
FN:95,(anonymous_6)
FN:96,(anonymous_7)
FN:99,(anonymous_8)
FN:100,(anonymous_9)
FN:104,(anonymous_10)
FN:105,(anonymous_11)
FN:109,(anonymous_12)
FN:110,(anonymous_13)
FN:121,(anonymous_14)
FN:156,(anonymous_15)
FN:195,(anonymous_16)
FN:197,(anonymous_17)
FN:204,(anonymous_18)
FN:209,(anonymous_19)
FN:261,(anonymous_20)
FN:263,(anonymous_21)
FN:270,(anonymous_22)
FN:275,(anonymous_23)
FN:314,(anonymous_24)
FN:332,(anonymous_25)
FN:382,(anonymous_26)
FNF:27
FNH:10
FNDA:4,(anonymous_0)
FNDA:3,(anonymous_1)
FNDA:3,(anonymous_2)
FNDA:3,(anonymous_3)
FNDA:1,(anonymous_4)
FNDA:2,(anonymous_5)
FNDA:2,(anonymous_6)
FNDA:0,(anonymous_7)
FNDA:2,(anonymous_8)
FNDA:0,(anonymous_9)
FNDA:2,(anonymous_10)
FNDA:0,(anonymous_11)
FNDA:2,(anonymous_12)
FNDA:0,(anonymous_13)
FNDA:0,(anonymous_14)
FNDA:0,(anonymous_15)
FNDA:0,(anonymous_16)
FNDA:0,(anonymous_17)
FNDA:0,(anonymous_18)
FNDA:0,(anonymous_19)
FNDA:0,(anonymous_20)
FNDA:0,(anonymous_21)
FNDA:0,(anonymous_22)
FNDA:0,(anonymous_23)
FNDA:0,(anonymous_24)
FNDA:0,(anonymous_25)
FNDA:0,(anonymous_26)
DA:18,1
DA:19,4
DA:20,4
DA:21,4
DA:22,4
DA:23,4
DA:30,4
DA:31,3
DA:34,4
DA:35,3
DA:36,3
DA:37,3
DA:38,3
DA:43,1
DA:44,1
DA:45,1
DA:47,1
DA:49,2
DA:53,4
DA:54,3
DA:55,3
DA:57,3
DA:58,3
DA:59,3
DA:60,0
DA:61,0
DA:62,0
DA:63,0
DA:64,0
DA:65,0
DA:66,0
DA:69,3
DA:72,4
DA:74,1
DA:76,1
DA:77,2
DA:78,2
DA:89,2
DA:90,2
DA:91,2
DA:94,1
DA:95,2
DA:96,0
DA:98,1
DA:99,2
DA:100,0
DA:103,1
DA:104,2
DA:105,0
DA:108,1
DA:109,2
DA:110,0
DA:113,1
DA:121,4
DA:122,0
DA:128,4
DA:139,4
DA:140,3
DA:143,1
DA:156,0
DA:195,0
DA:198,0
DA:204,0
DA:210,0
DA:261,0
DA:264,0
DA:270,0
DA:276,0
DA:314,0
DA:333,0
DA:383,0
LF:71
LH:47
BRDA:57,0,0,3
BRDA:57,0,1,0
BRDA:60,1,0,0
BRDA:60,1,1,0
BRDA:64,2,0,0
BRDA:64,2,1,0
BRDA:77,3,0,2
BRDA:77,3,1,0
BRDA:139,4,0,3
BRDA:139,4,1,1
BRDA:184,5,0,0
BRDA:184,5,1,1
BRDA:200,6,0,0
BRDA:200,6,1,0
BRDA:250,7,0,0
BRDA:250,7,1,1
BRDA:266,8,0,0
BRDA:266,8,1,0
BRDA:308,9,0,0
BRDA:308,9,1,1
BRDA:330,10,0,0
BRDA:330,10,1,1
BRDA:340,11,0,0
BRDA:340,11,1,0
BRDA:380,12,0,0
BRDA:380,12,1,1
BRDA:390,13,0,0
BRDA:390,13,1,0
BRF:28
BRH:9
end_of_record
TN:
SF:src/components/Dashboard.js
FN:18,(anonymous_0)
FN:23,(anonymous_1)
FN:27,(anonymous_2)
FN:40,(anonymous_3)
FN:56,(anonymous_4)
FN:93,(anonymous_5)
FN:180,(anonymous_6)
FN:184,(anonymous_7)
FN:191,(anonymous_8)
FN:216,(anonymous_9)
FN:246,(anonymous_10)
FNF:11
FNH:7
FNDA:6,(anonymous_0)
FNDA:4,(anonymous_1)
FNDA:4,(anonymous_2)
FNDA:4,(anonymous_3)
FNDA:4,(anonymous_4)
FNDA:0,(anonymous_5)
FNDA:0,(anonymous_6)
FNDA:1,(anonymous_7)
FNDA:0,(anonymous_8)
FNDA:0,(anonymous_9)
FNDA:1,(anonymous_10)
DA:18,1
DA:19,6
DA:20,6
DA:21,6
DA:23,6
DA:24,4
DA:27,6
DA:28,4
DA:29,4
DA:30,4
DA:31,4
DA:32,2
DA:34,1
DA:36,3
DA:40,6
DA:41,4
DA:42,4
DA:44,4
DA:45,4
DA:46,4
DA:47,0
DA:48,0
DA:49,0
DA:50,0
DA:53,4
DA:56,6
DA:57,4
DA:63,6
DA:72,6
DA:73,4
DA:76,2
DA:77,1
DA:80,1
DA:93,0
DA:181,0
DA:185,1
DA:191,0
DA:216,0
DA:247,1
LF:39
LH:31
BRDA:44,0,0,4
BRDA:44,0,1,0
BRDA:47,1,0,0
BRDA:47,1,1,0
BRDA:72,2,0,4
BRDA:72,2,1,2
BRDA:76,3,0,1
BRDA:76,3,1,1
BRDA:170,4,0,1
BRDA:170,4,1,0
BRDA:187,5,0,1
BRDA:187,5,1,1
BRDA:233,6,0,1
BRDA:233,6,1,0
BRDA:259,7,0,0
BRDA:259,7,1,1
BRDA:266,8,0,0
BRDA:266,8,1,1
BRDA:270,9,0,0
BRDA:270,9,1,1
BRF:20
BRH:12
end_of_record
TN:
SF:src/components/Login.js
FN:5,(anonymous_0)
FN:14,(anonymous_1)
FN:21,(anonymous_2)
FNF:3
FNH:3
FNDA:39,(anonymous_0)
FNDA:13,(anonymous_1)
FNDA:7,(anonymous_2)
DA:5,1
DA:6,39
DA:7,39
DA:11,38
DA:12,38
DA:14,38
DA:15,13
DA:21,38
DA:22,7
DA:23,7
DA:24,7
DA:26,7
DA:27,7
DA:28,4
DA:30,3
DA:32,7
DA:36,38
LF:17
LH:17
BRDA:30,0,0,3
BRDA:30,0,1,1
BRDA:46,1,0,38
BRDA:46,1,1,4
BRDA:79,2,0,7
BRDA:79,2,1,31
BRF:6
BRH:6
end_of_record
TN:
SF:src/components/Navbar.js
FN:12,(anonymous_0)
FN:17,(anonymous_1)
FN:22,(anonymous_2)
FN:29,(anonymous_3)
FNF:4
FNH:3
FNDA:7,(anonymous_0)
FNDA:1,(anonymous_1)
FNDA:48,(anonymous_2)
FNDA:0,(anonymous_3)
DA:12,1
DA:13,7
DA:14,7
DA:15,7
DA:17,7
DA:18,1
DA:19,1
DA:22,48
DA:24,7
DA:29,0
LF:10
LH:9
BRDA:34,0,0,7
BRDA:34,0,1,6
BRDA:48,1,0,6
BRDA:48,1,1,0
BRDA:49,2,0,6
BRDA:49,2,1,0
BRDA:59,3,0,0
BRDA:59,3,1,6
BRDA:60,4,0,0
BRDA:60,4,1,6
BRDA:70,5,0,0
BRDA:70,5,1,6
BRDA:71,6,0,0
BRDA:71,6,1,6
BRDA:81,7,0,0
BRDA:81,7,1,6
BRDA:82,8,0,0
BRDA:82,8,1,6
BRDA:92,9,0,7
BRDA:92,9,1,6
BRF:20
BRH:12
end_of_record
TN:
SF:src/components/PrivateRoute.js
FN:5,(anonymous_0)
FNF:1
FNH:1
FNDA:7,(anonymous_0)
DA:5,1
DA:6,7
LF:2
LH:2
BRDA:6,0,0,3
BRDA:6,0,1,4
BRF:2
BRH:2
end_of_record
TN:
SF:src/components/Register.js
FN:5,(anonymous_0)
FN:16,(anonymous_1)
FN:23,(anonymous_2)
FNF:3
FNH:3
FNDA:16,(anonymous_0)
FNDA:8,(anonymous_1)
FNDA:2,(anonymous_2)
DA:5,1
DA:6,16
DA:7,16
DA:13,16
DA:14,16
DA:16,16
DA:17,8
DA:23,16
DA:24,2
DA:25,2
DA:28,2
DA:29,0
DA:30,0
DA:33,2
DA:34,0
DA:35,0
DA:38,2
DA:40,2
DA:41,2
DA:46,1
DA:48,1
DA:50,2
DA:54,16
LF:23
LH:19
BRDA:28,0,0,0
BRDA:28,0,1,2
BRDA:33,1,0,0
BRDA:33,1,1,2
BRDA:48,2,0,1
BRDA:48,2,1,1
BRDA:64,3,0,16
BRDA:64,3,1,1
BRDA:121,4,0,2
BRDA:121,4,1,14
BRF:10
BRH:8
end_of_record
TN:
SF:src/components/Sidebar.js
FN:13,(anonymous_0)
FN:17,(anonymous_1)
FN:29,(anonymous_2)
FN:44,(anonymous_3)
FNF:4
FNH:3
FNDA:3,(anonymous_0)
FNDA:0,(anonymous_1)
FNDA:12,(anonymous_2)
FNDA:12,(anonymous_3)
DA:13,1
DA:14,3
DA:15,3
DA:17,3
DA:18,0
DA:19,0
DA:22,3
DA:29,12
DA:31,3
DA:45,12
DA:46,12
LF:11
LH:9
BRDA:51,0,0,0
BRDA:51,0,1,12
BRF:2
BRH:1
end_of_record
TN:
SF:src/components/TopBar.js
FN:5,(anonymous_0)
FNF:1
FNH:1
FNDA:3,(anonymous_0)
DA:5,1
DA:6,3
DA:7,3
DA:14,3
LF:4
LH:4
BRDA:20,0,0,3
BRDA:20,0,1,2
BRF:2
BRH:2
end_of_record
TN:
SF:src/components/Transactions.js
FN:5,(anonymous_0)
FN:26,(anonymous_1)
FN:31,(anonymous_2)
FN:35,(anonymous_3)
FN:46,(anonymous_4)
FN:55,(anonymous_5)
FN:78,(anonymous_6)
FN:83,(anonymous_7)
FN:98,(anonymous_8)
FN:109,(anonymous_9)
FN:116,(anonymous_10)
FN:120,(anonymous_11)
FN:127,(anonymous_12)
FN:130,(anonymous_13)
FN:138,(anonymous_14)
FN:156,(anonymous_15)
FN:193,(anonymous_16)
FN:249,(anonymous_17)
FN:278,(anonymous_18)
FN:288,(anonymous_19)
FN:343,(anonymous_20)
FN:364,(anonymous_21)
FN:377,(anonymous_22)
FN:388,(anonymous_23)
FN:394,(anonymous_24)
FN:406,(anonymous_25)
FNF:26
FNH:9
FNDA:7,(anonymous_0)
FNDA:4,(anonymous_1)
FNDA:4,(anonymous_2)
FNDA:16,(anonymous_3)
FNDA:4,(anonymous_4)
FNDA:0,(anonymous_5)
FNDA:0,(anonymous_6)
FNDA:0,(anonymous_7)
FNDA:0,(anonymous_8)
FNDA:0,(anonymous_9)
FNDA:0,(anonymous_10)
FNDA:0,(anonymous_11)
FNDA:0,(anonymous_12)
FNDA:1,(anonymous_13)
FNDA:3,(anonymous_14)
FNDA:0,(anonymous_15)
FNDA:3,(anonymous_16)
FNDA:1,(anonymous_17)
FNDA:0,(anonymous_18)
FNDA:0,(anonymous_19)
FNDA:0,(anonymous_20)
FNDA:0,(anonymous_21)
FNDA:0,(anonymous_22)
FNDA:0,(anonymous_23)
FNDA:0,(anonymous_24)
FNDA:0,(anonymous_25)
DA:5,1
DA:6,7
DA:7,7
DA:8,7
DA:9,7
DA:10,7
DA:11,7
DA:18,7
DA:26,7
DA:27,4
DA:28,4
DA:31,7
DA:32,4
DA:33,4
DA:34,4
DA:35,16
DA:37,4
DA:38,3
DA:40,1
DA:42,4
DA:46,7
DA:47,4
DA:48,4
DA:49,4
DA:51,0
DA:55,7
DA:56,0
DA:57,0
DA:58,0
DA:66,0
DA:67,0
DA:75,0
DA:78,7
DA:79,0
DA:80,0
DA:83,7
DA:84,0
DA:85,0
DA:86,0
DA:87,0
DA:89,0
DA:91,0
DA:92,0
DA:94,0
DA:98,7
DA:99,0
DA:100,0
DA:101,0
DA:102,0
DA:104,0
DA:109,7
DA:110,0
DA:116,7
DA:117,0
DA:120,7
DA:121,0
DA:127,0
DA:130,7
DA:131,1
DA:137,7
DA:138,3
DA:141,7
DA:142,4
DA:145,3
DA:156,0
DA:194,3
DA:250,1
DA:278,0
DA:288,0
DA:344,0
DA:365,0
DA:378,0
DA:389,0
DA:395,0
DA:407,0
LF:75
LH:40
BRDA:55,0,0,0
BRDA:56,1,0,0
BRDA:56,1,1,0
BRDA:86,2,0,0
BRDA:86,2,1,0
BRDA:99,3,0,0
BRDA:99,3,1,0
BRDA:137,4,0,7
BRDA:137,4,1,0
BRDA:141,5,0,4
BRDA:141,5,1,3
BRDA:235,6,0,1
BRDA:235,6,1,2
BRDA:262,7,0,0
BRDA:262,7,1,1
BRDA:269,8,0,0
BRDA:269,8,1,1
BRDA:273,9,0,0
BRDA:273,9,1,1
BRDA:308,10,0,3
BRDA:308,10,1,0
BRDA:335,11,0,0
BRDA:335,11,1,0
BRDA:422,12,0,0
BRDA:422,12,1,0
BRF:25
BRH:9
end_of_record
TN:
SF:src/services/api.js
FN:15,(anonymous_0)
FN:22,(anonymous_1)
FN:29,(anonymous_2)
FN:30,(anonymous_3)
FN:42,(anonymous_4)
FN:51,(anonymous_5)
FN:60,(anonymous_6)
FN:65,(anonymous_7)
FN:70,(anonymous_8)
FN:75,(anonymous_9)
FN:82,(anonymous_10)
FN:90,(anonymous_11)
FN:95,(anonymous_12)
FN:100,(anonymous_13)
FN:108,(anonymous_14)
FN:117,(anonymous_15)
FN:128,(anonymous_16)
FN:134,(anonymous_17)
FN:141,(anonymous_18)
FN:146,(anonymous_19)
FNF:20
FNH:14
FNDA:0,(anonymous_0)
FNDA:0,(anonymous_1)
FNDA:0,(anonymous_2)
FNDA:0,(anonymous_3)
FNDA:1,(anonymous_4)
FNDA:1,(anonymous_5)
FNDA:1,(anonymous_6)
FNDA:0,(anonymous_7)
FNDA:1,(anonymous_8)
FNDA:7,(anonymous_9)
FNDA:1,(anonymous_10)
FNDA:1,(anonymous_11)
FNDA:1,(anonymous_12)
FNDA:1,(anonymous_13)
FNDA:1,(anonymous_14)
FNDA:0,(anonymous_15)
FNDA:1,(anonymous_16)
FNDA:1,(anonymous_17)
FNDA:1,(anonymous_18)
FNDA:1,(anonymous_19)
DA:3,10
DA:6,10
DA:14,10
DA:16,0
DA:17,0
DA:18,0
DA:20,0
DA:23,0
DA:28,10
DA:29,0
DA:31,0
DA:32,0
DA:33,0
DA:34,0
DA:36,0
DA:41,10
DA:43,1
DA:44,1
DA:45,1
DA:46,1
DA:48,1
DA:52,1
DA:53,1
DA:54,1
DA:55,1
DA:57,1
DA:61,1
DA:62,1
DA:66,0
DA:67,0
DA:71,1
DA:72,1
DA:76,7
DA:81,10
DA:83,1
DA:84,1
DA:87,1
DA:91,1
DA:92,1
DA:96,1
DA:97,1
DA:101,1
DA:102,1
DA:107,10
DA:109,1
DA:110,1
DA:111,1
DA:116,10
DA:118,0
DA:119,0
DA:122,0
DA:127,10
DA:129,1
DA:130,1
DA:131,1
DA:135,1
DA:138,1
DA:142,1
DA:143,1
DA:147,1
DA:148,1
LF:61
LH:45
BRDA:3,0,0,10
BRDA:3,0,1,0
BRDA:17,1,0,0
BRDA:17,1,1,0
BRDA:31,2,0,0
BRDA:31,2,1,0
BRDA:44,3,0,1
BRDA:44,3,1,0
BRDA:53,4,0,1
BRDA:53,4,1,0
BRDA:72,5,0,1
BRDA:72,5,1,0
BRDA:82,6,0,1
BRDA:85,7,0,0
BRDA:85,7,1,1
BRDA:108,8,0,1
BRDA:109,9,0,0
BRDA:109,9,1,1
BRDA:117,10,0,0
BRDA:120,11,0,0
BRDA:120,11,1,0
BRDA:128,12,0,1
BRDA:128,13,0,1
BRDA:129,14,0,0
BRDA:129,14,1,1
BRDA:129,15,0,1
BRDA:129,15,1,0
BRF:27
BRH:12
end_of_record
