{"/Users/richardgarcia/Documents/proyects/proyecto-psuia/backend/controllers/authController.js": {"path":"/Users/richardgarcia/Documents/proyects/proyecto-psuia/backend/controllers/authController.js","statementMap":{"0":{"start":{"line":1,"column":15},"end":{"line":1,"column":34}},"1":{"start":{"line":2,"column":12},"end":{"line":2,"column":35}},"2":{"start":{"line":3,"column":15},"end":{"line":3,"column":44}},"3":{"start":{"line":4,"column":29},"end":{"line":4,"column":57}},"4":{"start":{"line":7,"column":0},"end":{"line":67,"column":2}},"5":{"start":{"line":8,"column":2},"end":{"line":66,"column":3}},"6":{"start":{"line":10,"column":19},"end":{"line":10,"column":40}},"7":{"start":{"line":11,"column":4},"end":{"line":13,"column":5}},"8":{"start":{"line":12,"column":6},"end":{"line":12,"column":62}},"9":{"start":{"line":15,"column":42},"end":{"line":15,"column":50}},"10":{"start":{"line":18,"column":4},"end":{"line":63,"column":6}},"11":{"start":{"line":22,"column":8},"end":{"line":24,"column":9}},"12":{"start":{"line":23,"column":10},"end":{"line":23,"column":73}},"13":{"start":{"line":26,"column":8},"end":{"line":28,"column":9}},"14":{"start":{"line":27,"column":10},"end":{"line":27,"column":80}},"15":{"start":{"line":31,"column":29},"end":{"line":31,"column":60}},"16":{"start":{"line":34,"column":8},"end":{"line":61,"column":10}},"17":{"start":{"line":38,"column":12},"end":{"line":42,"column":13}},"18":{"start":{"line":39,"column":14},"end":{"line":41,"column":62}},"19":{"start":{"line":45,"column":26},"end":{"line":49,"column":13}},"20":{"start":{"line":51,"column":12},"end":{"line":59,"column":15}},"21":{"start":{"line":65,"column":4},"end":{"line":65,"column":60}},"22":{"start":{"line":70,"column":0},"end":{"line":121,"column":2}},"23":{"start":{"line":71,"column":2},"end":{"line":120,"column":3}},"24":{"start":{"line":72,"column":19},"end":{"line":72,"column":40}},"25":{"start":{"line":73,"column":4},"end":{"line":75,"column":5}},"26":{"start":{"line":74,"column":6},"end":{"line":74,"column":62}},"27":{"start":{"line":77,"column":32},"end":{"line":77,"column":40}},"28":{"start":{"line":80,"column":4},"end":{"line":117,"column":6}},"29":{"start":{"line":84,"column":8},"end":{"line":86,"column":9}},"30":{"start":{"line":85,"column":10},"end":{"line":85,"column":73}},"31":{"start":{"line":88,"column":8},"end":{"line":90,"column":9}},"32":{"start":{"line":89,"column":10},"end":{"line":89,"column":75}},"33":{"start":{"line":93,"column":32},"end":{"line":96,"column":9}},"34":{"start":{"line":98,"column":8},"end":{"line":100,"column":9}},"35":{"start":{"line":99,"column":10},"end":{"line":99,"column":75}},"36":{"start":{"line":103,"column":22},"end":{"line":105,"column":10}},"37":{"start":{"line":107,"column":8},"end":{"line":115,"column":11}},"38":{"start":{"line":119,"column":4},"end":{"line":119,"column":60}},"39":{"start":{"line":124,"column":0},"end":{"line":145,"column":2}},"40":{"start":{"line":125,"column":2},"end":{"line":144,"column":4}},"41":{"start":{"line":129,"column":6},"end":{"line":131,"column":7}},"42":{"start":{"line":130,"column":8},"end":{"line":130,"column":71}},"43":{"start":{"line":133,"column":6},"end":{"line":135,"column":7}},"44":{"start":{"line":134,"column":8},"end":{"line":134,"column":72}},"45":{"start":{"line":137,"column":6},"end":{"line":142,"column":9}}},"fnMap":{"0":{"name":"(anonymous_0)","decl":{"start":{"line":7,"column":19},"end":{"line":7,"column":20}},"loc":{"start":{"line":7,"column":39},"end":{"line":67,"column":1}},"line":7},"1":{"name":"(anonymous_1)","decl":{"start":{"line":21,"column":6},"end":{"line":21,"column":7}},"loc":{"start":{"line":21,"column":26},"end":{"line":62,"column":7}},"line":21},"2":{"name":"(anonymous_2)","decl":{"start":{"line":37,"column":10},"end":{"line":37,"column":11}},"loc":{"start":{"line":37,"column":25},"end":{"line":60,"column":11}},"line":37},"3":{"name":"(anonymous_3)","decl":{"start":{"line":70,"column":16},"end":{"line":70,"column":17}},"loc":{"start":{"line":70,"column":36},"end":{"line":121,"column":1}},"line":70},"4":{"name":"(anonymous_4)","decl":{"start":{"line":83,"column":6},"end":{"line":83,"column":7}},"loc":{"start":{"line":83,"column":27},"end":{"line":116,"column":7}},"line":83},"5":{"name":"(anonymous_5)","decl":{"start":{"line":124,"column":21},"end":{"line":124,"column":22}},"loc":{"start":{"line":124,"column":35},"end":{"line":145,"column":1}},"line":124},"6":{"name":"(anonymous_6)","decl":{"start":{"line":128,"column":4},"end":{"line":128,"column":5}},"loc":{"start":{"line":128,"column":19},"end":{"line":143,"column":5}},"line":128}},"branchMap":{"0":{"loc":{"start":{"line":11,"column":4},"end":{"line":13,"column":5}},"type":"if","locations":[{"start":{"line":11,"column":4},"end":{"line":13,"column":5}},{"start":{},"end":{}}],"line":11},"1":{"loc":{"start":{"line":22,"column":8},"end":{"line":24,"column":9}},"type":"if","locations":[{"start":{"line":22,"column":8},"end":{"line":24,"column":9}},{"start":{},"end":{}}],"line":22},"2":{"loc":{"start":{"line":26,"column":8},"end":{"line":28,"column":9}},"type":"if","locations":[{"start":{"line":26,"column":8},"end":{"line":28,"column":9}},{"start":{},"end":{}}],"line":26},"3":{"loc":{"start":{"line":38,"column":12},"end":{"line":42,"column":13}},"type":"if","locations":[{"start":{"line":38,"column":12},"end":{"line":42,"column":13}},{"start":{},"end":{}}],"line":38},"4":{"loc":{"start":{"line":73,"column":4},"end":{"line":75,"column":5}},"type":"if","locations":[{"start":{"line":73,"column":4},"end":{"line":75,"column":5}},{"start":{},"end":{}}],"line":73},"5":{"loc":{"start":{"line":84,"column":8},"end":{"line":86,"column":9}},"type":"if","locations":[{"start":{"line":84,"column":8},"end":{"line":86,"column":9}},{"start":{},"end":{}}],"line":84},"6":{"loc":{"start":{"line":88,"column":8},"end":{"line":90,"column":9}},"type":"if","locations":[{"start":{"line":88,"column":8},"end":{"line":90,"column":9}},{"start":{},"end":{}}],"line":88},"7":{"loc":{"start":{"line":98,"column":8},"end":{"line":100,"column":9}},"type":"if","locations":[{"start":{"line":98,"column":8},"end":{"line":100,"column":9}},{"start":{},"end":{}}],"line":98},"8":{"loc":{"start":{"line":129,"column":6},"end":{"line":131,"column":7}},"type":"if","locations":[{"start":{"line":129,"column":6},"end":{"line":131,"column":7}},{"start":{},"end":{}}],"line":129},"9":{"loc":{"start":{"line":133,"column":6},"end":{"line":135,"column":7}},"type":"if","locations":[{"start":{"line":133,"column":6},"end":{"line":135,"column":7}},{"start":{},"end":{}}],"line":133}},"s":{"0":5,"1":5,"2":5,"3":5,"4":5,"5":22,"6":22,"7":22,"8":7,"9":15,"10":15,"11":15,"12":0,"13":15,"14":1,"15":14,"16":14,"17":14,"18":0,"19":14,"20":14,"21":0,"22":5,"23":5,"24":5,"25":5,"26":2,"27":3,"28":3,"29":3,"30":0,"31":3,"32":1,"33":2,"34":2,"35":1,"36":1,"37":1,"38":0,"39":5,"40":1,"41":1,"42":0,"43":1,"44":0,"45":1},"f":{"0":22,"1":15,"2":14,"3":5,"4":3,"5":1,"6":1},"b":{"0":[7,15],"1":[0,15],"2":[1,14],"3":[0,14],"4":[2,3],"5":[0,3],"6":[1,2],"7":[1,1],"8":[0,1],"9":[0,1]},"_coverageSchema":"1a1c01bbd47fc00a2c39e90264f33305004495a9","hash":"3e71e99caf537b74fcdfe1f93e960ac4e9df5a83"}
,"/Users/richardgarcia/Documents/proyects/proyecto-psuia/backend/controllers/budgetController.js": {"path":"/Users/richardgarcia/Documents/proyects/proyecto-psuia/backend/controllers/budgetController.js","statementMap":{"0":{"start":{"line":1,"column":15},"end":{"line":1,"column":44}},"1":{"start":{"line":2,"column":29},"end":{"line":2,"column":57}},"2":{"start":{"line":5,"column":0},"end":{"line":30,"column":2}},"3":{"start":{"line":6,"column":26},"end":{"line":6,"column":35}},"4":{"start":{"line":8,"column":14},"end":{"line":13,"column":3}},"5":{"start":{"line":15,"column":17},"end":{"line":15,"column":29}},"6":{"start":{"line":17,"column":2},"end":{"line":20,"column":3}},"7":{"start":{"line":18,"column":4},"end":{"line":18,"column":47}},"8":{"start":{"line":19,"column":4},"end":{"line":19,"column":49}},"9":{"start":{"line":22,"column":2},"end":{"line":22,"column":30}},"10":{"start":{"line":24,"column":2},"end":{"line":29,"column":5}},"11":{"start":{"line":25,"column":4},"end":{"line":27,"column":5}},"12":{"start":{"line":26,"column":6},"end":{"line":26,"column":78}},"13":{"start":{"line":28,"column":4},"end":{"line":28,"column":22}},"14":{"start":{"line":33,"column":0},"end":{"line":84,"column":2}},"15":{"start":{"line":34,"column":17},"end":{"line":34,"column":38}},"16":{"start":{"line":35,"column":2},"end":{"line":37,"column":3}},"17":{"start":{"line":36,"column":4},"end":{"line":36,"column":60}},"18":{"start":{"line":39,"column":46},"end":{"line":39,"column":54}},"19":{"start":{"line":42,"column":2},"end":{"line":83,"column":4}},"20":{"start":{"line":46,"column":6},"end":{"line":48,"column":7}},"21":{"start":{"line":47,"column":8},"end":{"line":47,"column":71}},"22":{"start":{"line":50,"column":6},"end":{"line":81,"column":7}},"23":{"start":{"line":52,"column":8},"end":{"line":65,"column":10}},"24":{"start":{"line":58,"column":12},"end":{"line":62,"column":13}},"25":{"start":{"line":59,"column":14},"end":{"line":61,"column":68}},"26":{"start":{"line":63,"column":12},"end":{"line":63,"column":50}},"27":{"start":{"line":68,"column":8},"end":{"line":80,"column":10}},"28":{"start":{"line":73,"column":12},"end":{"line":77,"column":13}},"29":{"start":{"line":74,"column":14},"end":{"line":76,"column":63}},"30":{"start":{"line":78,"column":12},"end":{"line":78,"column":44}},"31":{"start":{"line":87,"column":0},"end":{"line":112,"column":2}},"32":{"start":{"line":88,"column":17},"end":{"line":88,"column":27}},"33":{"start":{"line":90,"column":2},"end":{"line":111,"column":4}},"34":{"start":{"line":94,"column":6},"end":{"line":96,"column":7}},"35":{"start":{"line":95,"column":8},"end":{"line":95,"column":71}},"36":{"start":{"line":98,"column":6},"end":{"line":100,"column":7}},"37":{"start":{"line":99,"column":8},"end":{"line":99,"column":76}},"38":{"start":{"line":102,"column":6},"end":{"line":109,"column":9}},"39":{"start":{"line":103,"column":8},"end":{"line":107,"column":9}},"40":{"start":{"line":104,"column":10},"end":{"line":106,"column":62}},"41":{"start":{"line":108,"column":8},"end":{"line":108,"column":68}},"42":{"start":{"line":115,"column":0},"end":{"line":191,"column":2}},"43":{"start":{"line":116,"column":26},"end":{"line":116,"column":35}},"44":{"start":{"line":118,"column":2},"end":{"line":120,"column":3}},"45":{"start":{"line":119,"column":4},"end":{"line":119,"column":71}},"46":{"start":{"line":122,"column":20},"end":{"line":122,"column":66}},"47":{"start":{"line":123,"column":18},"end":{"line":123,"column":70}},"48":{"start":{"line":126,"column":2},"end":{"line":190,"column":4}},"49":{"start":{"line":133,"column":6},"end":{"line":135,"column":7}},"50":{"start":{"line":134,"column":8},"end":{"line":134,"column":80}},"51":{"start":{"line":138,"column":6},"end":{"line":188,"column":8}},"52":{"start":{"line":145,"column":10},"end":{"line":147,"column":11}},"53":{"start":{"line":146,"column":12},"end":{"line":146,"column":78}},"54":{"start":{"line":150,"column":29},"end":{"line":150,"column":31}},"55":{"start":{"line":151,"column":10},"end":{"line":153,"column":13}},"56":{"start":{"line":152,"column":12},"end":{"line":152,"column":58}},"57":{"start":{"line":156,"column":27},"end":{"line":168,"column":12}},"58":{"start":{"line":157,"column":26},"end":{"line":157,"column":61}},"59":{"start":{"line":158,"column":30},"end":{"line":158,"column":51}},"60":{"start":{"line":159,"column":31},"end":{"line":159,"column":60}},"61":{"start":{"line":161,"column":12},"end":{"line":167,"column":14}},"62":{"start":{"line":171,"column":30},"end":{"line":171,"column":75}},"63":{"start":{"line":171,"column":57},"end":{"line":171,"column":71}},"64":{"start":{"line":172,"column":29},"end":{"line":175,"column":11}},"65":{"start":{"line":173,"column":26},"end":{"line":173,"column":35}},"66":{"start":{"line":177,"column":10},"end":{"line":186,"column":13}},"67":{"start":{"line":195,"column":2},"end":{"line":207,"column":4}},"68":{"start":{"line":202,"column":6},"end":{"line":204,"column":7}},"69":{"start":{"line":203,"column":8},"end":{"line":203,"column":79}},"70":{"start":{"line":205,"column":6},"end":{"line":205,"column":35}}},"fnMap":{"0":{"name":"(anonymous_0)","decl":{"start":{"line":5,"column":21},"end":{"line":5,"column":22}},"loc":{"start":{"line":5,"column":35},"end":{"line":30,"column":1}},"line":5},"1":{"name":"(anonymous_1)","decl":{"start":{"line":24,"column":24},"end":{"line":24,"column":25}},"loc":{"start":{"line":24,"column":42},"end":{"line":29,"column":3}},"line":24},"2":{"name":"(anonymous_2)","decl":{"start":{"line":33,"column":23},"end":{"line":33,"column":24}},"loc":{"start":{"line":33,"column":37},"end":{"line":84,"column":1}},"line":33},"3":{"name":"(anonymous_3)","decl":{"start":{"line":45,"column":4},"end":{"line":45,"column":5}},"loc":{"start":{"line":45,"column":29},"end":{"line":82,"column":5}},"line":45},"4":{"name":"(anonymous_4)","decl":{"start":{"line":57,"column":10},"end":{"line":57,"column":11}},"loc":{"start":{"line":57,"column":19},"end":{"line":64,"column":11}},"line":57},"5":{"name":"(anonymous_5)","decl":{"start":{"line":72,"column":10},"end":{"line":72,"column":11}},"loc":{"start":{"line":72,"column":25},"end":{"line":79,"column":11}},"line":72},"6":{"name":"(anonymous_6)","decl":{"start":{"line":87,"column":23},"end":{"line":87,"column":24}},"loc":{"start":{"line":87,"column":37},"end":{"line":112,"column":1}},"line":87},"7":{"name":"(anonymous_7)","decl":{"start":{"line":93,"column":4},"end":{"line":93,"column":5}},"loc":{"start":{"line":93,"column":21},"end":{"line":110,"column":5}},"line":93},"8":{"name":"(anonymous_8)","decl":{"start":{"line":102,"column":55},"end":{"line":102,"column":56}},"loc":{"start":{"line":102,"column":64},"end":{"line":109,"column":7}},"line":102},"9":{"name":"(anonymous_9)","decl":{"start":{"line":115,"column":28},"end":{"line":115,"column":29}},"loc":{"start":{"line":115,"column":42},"end":{"line":191,"column":1}},"line":115},"10":{"name":"(anonymous_10)","decl":{"start":{"line":132,"column":4},"end":{"line":132,"column":5}},"loc":{"start":{"line":132,"column":22},"end":{"line":189,"column":5}},"line":132},"11":{"name":"(anonymous_11)","decl":{"start":{"line":144,"column":8},"end":{"line":144,"column":9}},"loc":{"start":{"line":144,"column":27},"end":{"line":187,"column":9}},"line":144},"12":{"name":"(anonymous_12)","decl":{"start":{"line":151,"column":27},"end":{"line":151,"column":28}},"loc":{"start":{"line":151,"column":36},"end":{"line":153,"column":11}},"line":151},"13":{"name":"(anonymous_13)","decl":{"start":{"line":156,"column":39},"end":{"line":156,"column":40}},"loc":{"start":{"line":156,"column":51},"end":{"line":168,"column":11}},"line":156},"14":{"name":"(anonymous_14)","decl":{"start":{"line":171,"column":45},"end":{"line":171,"column":46}},"loc":{"start":{"line":171,"column":57},"end":{"line":171,"column":71}},"line":171},"15":{"name":"(anonymous_15)","decl":{"start":{"line":173,"column":12},"end":{"line":173,"column":13}},"loc":{"start":{"line":173,"column":26},"end":{"line":173,"column":35}},"line":173},"16":{"name":"getBudgetById","decl":{"start":{"line":194,"column":9},"end":{"line":194,"column":22}},"loc":{"start":{"line":194,"column":32},"end":{"line":208,"column":1}},"line":194},"17":{"name":"(anonymous_17)","decl":{"start":{"line":201,"column":4},"end":{"line":201,"column":5}},"loc":{"start":{"line":201,"column":21},"end":{"line":206,"column":5}},"line":201}},"branchMap":{"0":{"loc":{"start":{"line":17,"column":2},"end":{"line":20,"column":3}},"type":"if","locations":[{"start":{"line":17,"column":2},"end":{"line":20,"column":3}},{"start":{},"end":{}}],"line":17},"1":{"loc":{"start":{"line":17,"column":6},"end":{"line":17,"column":19}},"type":"binary-expr","locations":[{"start":{"line":17,"column":6},"end":{"line":17,"column":11}},{"start":{"line":17,"column":15},"end":{"line":17,"column":19}}],"line":17},"2":{"loc":{"start":{"line":25,"column":4},"end":{"line":27,"column":5}},"type":"if","locations":[{"start":{"line":25,"column":4},"end":{"line":27,"column":5}},{"start":{},"end":{}}],"line":25},"3":{"loc":{"start":{"line":35,"column":2},"end":{"line":37,"column":3}},"type":"if","locations":[{"start":{"line":35,"column":2},"end":{"line":37,"column":3}},{"start":{},"end":{}}],"line":35},"4":{"loc":{"start":{"line":46,"column":6},"end":{"line":48,"column":7}},"type":"if","locations":[{"start":{"line":46,"column":6},"end":{"line":48,"column":7}},{"start":{},"end":{}}],"line":46},"5":{"loc":{"start":{"line":50,"column":6},"end":{"line":81,"column":7}},"type":"if","locations":[{"start":{"line":50,"column":6},"end":{"line":81,"column":7}},{"start":{"line":66,"column":13},"end":{"line":81,"column":7}}],"line":50},"6":{"loc":{"start":{"line":58,"column":12},"end":{"line":62,"column":13}},"type":"if","locations":[{"start":{"line":58,"column":12},"end":{"line":62,"column":13}},{"start":{},"end":{}}],"line":58},"7":{"loc":{"start":{"line":73,"column":12},"end":{"line":77,"column":13}},"type":"if","locations":[{"start":{"line":73,"column":12},"end":{"line":77,"column":13}},{"start":{},"end":{}}],"line":73},"8":{"loc":{"start":{"line":94,"column":6},"end":{"line":96,"column":7}},"type":"if","locations":[{"start":{"line":94,"column":6},"end":{"line":96,"column":7}},{"start":{},"end":{}}],"line":94},"9":{"loc":{"start":{"line":98,"column":6},"end":{"line":100,"column":7}},"type":"if","locations":[{"start":{"line":98,"column":6},"end":{"line":100,"column":7}},{"start":{},"end":{}}],"line":98},"10":{"loc":{"start":{"line":103,"column":8},"end":{"line":107,"column":9}},"type":"if","locations":[{"start":{"line":103,"column":8},"end":{"line":107,"column":9}},{"start":{},"end":{}}],"line":103},"11":{"loc":{"start":{"line":118,"column":2},"end":{"line":120,"column":3}},"type":"if","locations":[{"start":{"line":118,"column":2},"end":{"line":120,"column":3}},{"start":{},"end":{}}],"line":118},"12":{"loc":{"start":{"line":118,"column":6},"end":{"line":118,"column":21}},"type":"binary-expr","locations":[{"start":{"line":118,"column":6},"end":{"line":118,"column":12}},{"start":{"line":118,"column":16},"end":{"line":118,"column":21}}],"line":118},"13":{"loc":{"start":{"line":133,"column":6},"end":{"line":135,"column":7}},"type":"if","locations":[{"start":{"line":133,"column":6},"end":{"line":135,"column":7}},{"start":{},"end":{}}],"line":133},"14":{"loc":{"start":{"line":145,"column":10},"end":{"line":147,"column":11}},"type":"if","locations":[{"start":{"line":145,"column":10},"end":{"line":147,"column":11}},{"start":{},"end":{}}],"line":145},"15":{"loc":{"start":{"line":157,"column":26},"end":{"line":157,"column":61}},"type":"binary-expr","locations":[{"start":{"line":157,"column":26},"end":{"line":157,"column":56}},{"start":{"line":157,"column":60},"end":{"line":157,"column":61}}],"line":157},"16":{"loc":{"start":{"line":184,"column":16},"end":{"line":184,"column":70}},"type":"cond-expr","locations":[{"start":{"line":184,"column":34},"end":{"line":184,"column":66}},{"start":{"line":184,"column":69},"end":{"line":184,"column":70}}],"line":184},"17":{"loc":{"start":{"line":202,"column":6},"end":{"line":204,"column":7}},"type":"if","locations":[{"start":{"line":202,"column":6},"end":{"line":204,"column":7}},{"start":{},"end":{}}],"line":202}},"s":{"0":5,"1":5,"2":5,"3":2,"4":2,"5":2,"6":2,"7":0,"8":0,"9":2,"10":2,"11":2,"12":0,"13":2,"14":5,"15":8,"16":8,"17":5,"18":3,"19":3,"20":3,"21":0,"22":3,"23":1,"24":1,"25":0,"26":1,"27":2,"28":2,"29":0,"30":2,"31":5,"32":2,"33":2,"34":2,"35":0,"36":2,"37":1,"38":1,"39":1,"40":0,"41":1,"42":5,"43":3,"44":3,"45":2,"46":1,"47":1,"48":1,"49":1,"50":0,"51":1,"52":1,"53":0,"54":1,"55":1,"56":1,"57":1,"58":1,"59":1,"60":1,"61":1,"62":1,"63":1,"64":1,"65":1,"66":1,"67":3,"68":3,"69":0,"70":3},"f":{"0":2,"1":2,"2":8,"3":3,"4":1,"5":2,"6":2,"7":2,"8":1,"9":3,"10":1,"11":1,"12":1,"13":1,"14":1,"15":1,"16":3,"17":3},"b":{"0":[0,2],"1":[2,0],"2":[0,2],"3":[5,3],"4":[0,3],"5":[1,2],"6":[0,1],"7":[0,2],"8":[0,2],"9":[1,1],"10":[0,1],"11":[2,1],"12":[3,2],"13":[0,1],"14":[0,1],"15":[1,0],"16":[1,0],"17":[0,3]},"_coverageSchema":"1a1c01bbd47fc00a2c39e90264f33305004495a9","hash":"fe60539ae60b11baca066ce8b8812efcd1540686"}
,"/Users/richardgarcia/Documents/proyects/proyecto-psuia/backend/controllers/categoryController.js": {"path":"/Users/richardgarcia/Documents/proyects/proyecto-psuia/backend/controllers/categoryController.js","statementMap":{"0":{"start":{"line":1,"column":15},"end":{"line":1,"column":44}},"1":{"start":{"line":4,"column":0},"end":{"line":23,"column":2}},"2":{"start":{"line":5,"column":19},"end":{"line":5,"column":28}},"3":{"start":{"line":7,"column":14},"end":{"line":7,"column":50}},"4":{"start":{"line":8,"column":17},"end":{"line":8,"column":19}},"5":{"start":{"line":10,"column":2},"end":{"line":13,"column":3}},"6":{"start":{"line":11,"column":4},"end":{"line":11,"column":29}},"7":{"start":{"line":12,"column":4},"end":{"line":12,"column":22}},"8":{"start":{"line":15,"column":2},"end":{"line":15,"column":28}},"9":{"start":{"line":17,"column":2},"end":{"line":22,"column":5}},"10":{"start":{"line":18,"column":4},"end":{"line":20,"column":5}},"11":{"start":{"line":19,"column":6},"end":{"line":19,"column":76}},"12":{"start":{"line":21,"column":4},"end":{"line":21,"column":25}}},"fnMap":{"0":{"name":"(anonymous_0)","decl":{"start":{"line":4,"column":24},"end":{"line":4,"column":25}},"loc":{"start":{"line":4,"column":38},"end":{"line":23,"column":1}},"line":4},"1":{"name":"(anonymous_1)","decl":{"start":{"line":17,"column":24},"end":{"line":17,"column":25}},"loc":{"start":{"line":17,"column":45},"end":{"line":22,"column":3}},"line":17}},"branchMap":{"0":{"loc":{"start":{"line":10,"column":2},"end":{"line":13,"column":3}},"type":"if","locations":[{"start":{"line":10,"column":2},"end":{"line":13,"column":3}},{"start":{},"end":{}}],"line":10},"1":{"loc":{"start":{"line":18,"column":4},"end":{"line":20,"column":5}},"type":"if","locations":[{"start":{"line":18,"column":4},"end":{"line":20,"column":5}},{"start":{},"end":{}}],"line":18}},"s":{"0":5,"1":5,"2":3,"3":3,"4":3,"5":3,"6":0,"7":0,"8":3,"9":3,"10":3,"11":0,"12":3},"f":{"0":3,"1":3},"b":{"0":[0,3],"1":[0,3]},"_coverageSchema":"1a1c01bbd47fc00a2c39e90264f33305004495a9","hash":"f9f74336a73b8e0a3a1f55cde47d91e5f342e9fc"}
,"/Users/richardgarcia/Documents/proyects/proyecto-psuia/backend/controllers/dashboardController.js": {"path":"/Users/richardgarcia/Documents/proyects/proyecto-psuia/backend/controllers/dashboardController.js","statementMap":{"0":{"start":{"line":1,"column":15},"end":{"line":1,"column":44}},"1":{"start":{"line":4,"column":0},"end":{"line":106,"column":2}},"2":{"start":{"line":5,"column":33},"end":{"line":5,"column":42}},"3":{"start":{"line":7,"column":19},"end":{"line":7,"column":21}},"4":{"start":{"line":8,"column":17},"end":{"line":8,"column":29}},"5":{"start":{"line":10,"column":2},"end":{"line":19,"column":3}},"6":{"start":{"line":11,"column":4},"end":{"line":11,"column":44}},"7":{"start":{"line":12,"column":4},"end":{"line":12,"column":36}},"8":{"start":{"line":13,"column":9},"end":{"line":19,"column":3}},"9":{"start":{"line":14,"column":4},"end":{"line":14,"column":33}},"10":{"start":{"line":15,"column":4},"end":{"line":15,"column":27}},"11":{"start":{"line":16,"column":9},"end":{"line":19,"column":3}},"12":{"start":{"line":17,"column":4},"end":{"line":17,"column":33}},"13":{"start":{"line":18,"column":4},"end":{"line":18,"column":25}},"14":{"start":{"line":22,"column":2},"end":{"line":105,"column":4}},"15":{"start":{"line":30,"column":6},"end":{"line":32,"column":7}},"16":{"start":{"line":31,"column":8},"end":{"line":31,"column":76}},"17":{"start":{"line":34,"column":26},"end":{"line":34,"column":51}},"18":{"start":{"line":35,"column":27},"end":{"line":35,"column":53}},"19":{"start":{"line":36,"column":29},"end":{"line":36,"column":55}},"20":{"start":{"line":39,"column":6},"end":{"line":103,"column":8}},"21":{"start":{"line":48,"column":10},"end":{"line":52,"column":11}},"22":{"start":{"line":49,"column":12},"end":{"line":51,"column":72}},"23":{"start":{"line":55,"column":10},"end":{"line":101,"column":12}},"24":{"start":{"line":64,"column":14},"end":{"line":68,"column":15}},"25":{"start":{"line":65,"column":16},"end":{"line":67,"column":78}},"26":{"start":{"line":71,"column":14},"end":{"line":99,"column":16}},"27":{"start":{"line":80,"column":18},"end":{"line":86,"column":19}},"28":{"start":{"line":81,"column":20},"end":{"line":85,"column":25}},"29":{"start":{"line":88,"column":18},"end":{"line":97,"column":21}}},"fnMap":{"0":{"name":"(anonymous_0)","decl":{"start":{"line":4,"column":30},"end":{"line":4,"column":31}},"loc":{"start":{"line":4,"column":44},"end":{"line":106,"column":1}},"line":4},"1":{"name":"(anonymous_1)","decl":{"start":{"line":29,"column":4},"end":{"line":29,"column":5}},"loc":{"start":{"line":29,"column":22},"end":{"line":104,"column":5}},"line":29},"2":{"name":"(anonymous_2)","decl":{"start":{"line":47,"column":8},"end":{"line":47,"column":9}},"loc":{"start":{"line":47,"column":37},"end":{"line":102,"column":9}},"line":47},"3":{"name":"(anonymous_3)","decl":{"start":{"line":63,"column":12},"end":{"line":63,"column":13}},"loc":{"start":{"line":63,"column":39},"end":{"line":100,"column":13}},"line":63},"4":{"name":"(anonymous_4)","decl":{"start":{"line":79,"column":16},"end":{"line":79,"column":17}},"loc":{"start":{"line":79,"column":45},"end":{"line":98,"column":17}},"line":79}},"branchMap":{"0":{"loc":{"start":{"line":10,"column":2},"end":{"line":19,"column":3}},"type":"if","locations":[{"start":{"line":10,"column":2},"end":{"line":19,"column":3}},{"start":{"line":13,"column":9},"end":{"line":19,"column":3}}],"line":10},"1":{"loc":{"start":{"line":10,"column":6},"end":{"line":10,"column":26}},"type":"binary-expr","locations":[{"start":{"line":10,"column":6},"end":{"line":10,"column":15}},{"start":{"line":10,"column":19},"end":{"line":10,"column":26}}],"line":10},"2":{"loc":{"start":{"line":13,"column":9},"end":{"line":19,"column":3}},"type":"if","locations":[{"start":{"line":13,"column":9},"end":{"line":19,"column":3}},{"start":{"line":16,"column":9},"end":{"line":19,"column":3}}],"line":13},"3":{"loc":{"start":{"line":16,"column":9},"end":{"line":19,"column":3}},"type":"if","locations":[{"start":{"line":16,"column":9},"end":{"line":19,"column":3}},{"start":{},"end":{}}],"line":16},"4":{"loc":{"start":{"line":30,"column":6},"end":{"line":32,"column":7}},"type":"if","locations":[{"start":{"line":30,"column":6},"end":{"line":32,"column":7}},{"start":{},"end":{}}],"line":30},"5":{"loc":{"start":{"line":34,"column":26},"end":{"line":34,"column":51}},"type":"binary-expr","locations":[{"start":{"line":34,"column":26},"end":{"line":34,"column":46}},{"start":{"line":34,"column":50},"end":{"line":34,"column":51}}],"line":34},"6":{"loc":{"start":{"line":35,"column":27},"end":{"line":35,"column":53}},"type":"binary-expr","locations":[{"start":{"line":35,"column":27},"end":{"line":35,"column":48}},{"start":{"line":35,"column":52},"end":{"line":35,"column":53}}],"line":35},"7":{"loc":{"start":{"line":48,"column":10},"end":{"line":52,"column":11}},"type":"if","locations":[{"start":{"line":48,"column":10},"end":{"line":52,"column":11}},{"start":{},"end":{}}],"line":48},"8":{"loc":{"start":{"line":64,"column":14},"end":{"line":68,"column":15}},"type":"if","locations":[{"start":{"line":64,"column":14},"end":{"line":68,"column":15}},{"start":{},"end":{}}],"line":64},"9":{"loc":{"start":{"line":80,"column":18},"end":{"line":86,"column":19}},"type":"if","locations":[{"start":{"line":80,"column":18},"end":{"line":86,"column":19}},{"start":{},"end":{}}],"line":80}},"s":{"0":5,"1":5,"2":4,"3":4,"4":4,"5":4,"6":0,"7":0,"8":4,"9":0,"10":0,"11":4,"12":0,"13":0,"14":4,"15":4,"16":0,"17":4,"18":4,"19":4,"20":4,"21":4,"22":0,"23":4,"24":4,"25":0,"26":4,"27":4,"28":0,"29":4},"f":{"0":4,"1":4,"2":4,"3":4,"4":4},"b":{"0":[0,4],"1":[4,0],"2":[0,4],"3":[0,4],"4":[0,4],"5":[4,3],"6":[4,1],"7":[0,4],"8":[0,4],"9":[0,4]},"_coverageSchema":"1a1c01bbd47fc00a2c39e90264f33305004495a9","hash":"ff1467c242bc12a197235937bb1230f33166f296"}
,"/Users/richardgarcia/Documents/proyects/proyecto-psuia/backend/controllers/transactionController.js": {"path":"/Users/richardgarcia/Documents/proyects/proyecto-psuia/backend/controllers/transactionController.js","statementMap":{"0":{"start":{"line":1,"column":15},"end":{"line":1,"column":44}},"1":{"start":{"line":2,"column":29},"end":{"line":2,"column":57}},"2":{"start":{"line":5,"column":0},"end":{"line":45,"column":2}},"3":{"start":{"line":6,"column":51},"end":{"line":6,"column":60}},"4":{"start":{"line":8,"column":14},"end":{"line":13,"column":3}},"5":{"start":{"line":15,"column":17},"end":{"line":15,"column":29}},"6":{"start":{"line":17,"column":2},"end":{"line":20,"column":3}},"7":{"start":{"line":18,"column":4},"end":{"line":18,"column":32}},"8":{"start":{"line":19,"column":4},"end":{"line":19,"column":27}},"9":{"start":{"line":22,"column":2},"end":{"line":25,"column":3}},"10":{"start":{"line":23,"column":4},"end":{"line":23,"column":32}},"11":{"start":{"line":24,"column":4},"end":{"line":24,"column":25}},"12":{"start":{"line":27,"column":2},"end":{"line":30,"column":3}},"13":{"start":{"line":28,"column":4},"end":{"line":28,"column":31}},"14":{"start":{"line":29,"column":4},"end":{"line":29,"column":22}},"15":{"start":{"line":32,"column":2},"end":{"line":35,"column":3}},"16":{"start":{"line":33,"column":4},"end":{"line":33,"column":38}},"17":{"start":{"line":34,"column":4},"end":{"line":34,"column":28}},"18":{"start":{"line":37,"column":2},"end":{"line":37,"column":54}},"19":{"start":{"line":39,"column":2},"end":{"line":44,"column":5}},"20":{"start":{"line":40,"column":4},"end":{"line":42,"column":5}},"21":{"start":{"line":41,"column":6},"end":{"line":41,"column":79}},"22":{"start":{"line":43,"column":4},"end":{"line":43,"column":27}},"23":{"start":{"line":48,"column":0},"end":{"line":83,"column":2}},"24":{"start":{"line":49,"column":17},"end":{"line":49,"column":38}},"25":{"start":{"line":50,"column":2},"end":{"line":52,"column":3}},"26":{"start":{"line":51,"column":4},"end":{"line":51,"column":60}},"27":{"start":{"line":54,"column":58},"end":{"line":54,"column":66}},"28":{"start":{"line":56,"column":2},"end":{"line":82,"column":4}},"29":{"start":{"line":61,"column":6},"end":{"line":63,"column":7}},"30":{"start":{"line":62,"column":8},"end":{"line":62,"column":77}},"31":{"start":{"line":66,"column":6},"end":{"line":80,"column":8}},"32":{"start":{"line":73,"column":10},"end":{"line":77,"column":11}},"33":{"start":{"line":74,"column":12},"end":{"line":76,"column":63}},"34":{"start":{"line":78,"column":10},"end":{"line":78,"column":44}},"35":{"start":{"line":86,"column":0},"end":{"line":141,"column":2}},"36":{"start":{"line":87,"column":17},"end":{"line":87,"column":38}},"37":{"start":{"line":88,"column":2},"end":{"line":90,"column":3}},"38":{"start":{"line":89,"column":4},"end":{"line":89,"column":60}},"39":{"start":{"line":92,"column":17},"end":{"line":92,"column":27}},"40":{"start":{"line":93,"column":58},"end":{"line":93,"column":66}},"41":{"start":{"line":96,"column":2},"end":{"line":140,"column":4}},"42":{"start":{"line":100,"column":6},"end":{"line":102,"column":7}},"43":{"start":{"line":101,"column":8},"end":{"line":101,"column":71}},"44":{"start":{"line":104,"column":6},"end":{"line":106,"column":7}},"45":{"start":{"line":105,"column":8},"end":{"line":105,"column":76}},"46":{"start":{"line":109,"column":6},"end":{"line":138,"column":8}},"47":{"start":{"line":115,"column":10},"end":{"line":119,"column":11}},"48":{"start":{"line":116,"column":12},"end":{"line":118,"column":66}},"49":{"start":{"line":122,"column":10},"end":{"line":136,"column":12}},"50":{"start":{"line":129,"column":14},"end":{"line":133,"column":15}},"51":{"start":{"line":130,"column":16},"end":{"line":132,"column":67}},"52":{"start":{"line":134,"column":14},"end":{"line":134,"column":43}},"53":{"start":{"line":144,"column":0},"end":{"line":171,"column":2}},"54":{"start":{"line":145,"column":17},"end":{"line":145,"column":27}},"55":{"start":{"line":148,"column":2},"end":{"line":170,"column":4}},"56":{"start":{"line":152,"column":6},"end":{"line":154,"column":7}},"57":{"start":{"line":153,"column":8},"end":{"line":153,"column":71}},"58":{"start":{"line":156,"column":6},"end":{"line":158,"column":7}},"59":{"start":{"line":157,"column":8},"end":{"line":157,"column":76}},"60":{"start":{"line":161,"column":6},"end":{"line":168,"column":9}},"61":{"start":{"line":162,"column":8},"end":{"line":166,"column":9}},"62":{"start":{"line":163,"column":10},"end":{"line":165,"column":62}},"63":{"start":{"line":167,"column":8},"end":{"line":167,"column":68}}},"fnMap":{"0":{"name":"(anonymous_0)","decl":{"start":{"line":5,"column":26},"end":{"line":5,"column":27}},"loc":{"start":{"line":5,"column":40},"end":{"line":45,"column":1}},"line":5},"1":{"name":"(anonymous_1)","decl":{"start":{"line":39,"column":24},"end":{"line":39,"column":25}},"loc":{"start":{"line":39,"column":47},"end":{"line":44,"column":3}},"line":39},"2":{"name":"(anonymous_2)","decl":{"start":{"line":48,"column":28},"end":{"line":48,"column":29}},"loc":{"start":{"line":48,"column":42},"end":{"line":83,"column":1}},"line":48},"3":{"name":"(anonymous_3)","decl":{"start":{"line":60,"column":4},"end":{"line":60,"column":5}},"loc":{"start":{"line":60,"column":19},"end":{"line":81,"column":5}},"line":60},"4":{"name":"(anonymous_4)","decl":{"start":{"line":72,"column":8},"end":{"line":72,"column":9}},"loc":{"start":{"line":72,"column":30},"end":{"line":79,"column":9}},"line":72},"5":{"name":"(anonymous_5)","decl":{"start":{"line":86,"column":28},"end":{"line":86,"column":29}},"loc":{"start":{"line":86,"column":42},"end":{"line":141,"column":1}},"line":86},"6":{"name":"(anonymous_6)","decl":{"start":{"line":99,"column":4},"end":{"line":99,"column":5}},"loc":{"start":{"line":99,"column":26},"end":{"line":139,"column":5}},"line":99},"7":{"name":"(anonymous_7)","decl":{"start":{"line":114,"column":8},"end":{"line":114,"column":9}},"loc":{"start":{"line":114,"column":17},"end":{"line":137,"column":9}},"line":114},"8":{"name":"(anonymous_8)","decl":{"start":{"line":128,"column":12},"end":{"line":128,"column":13}},"loc":{"start":{"line":128,"column":41},"end":{"line":135,"column":13}},"line":128},"9":{"name":"(anonymous_9)","decl":{"start":{"line":144,"column":28},"end":{"line":144,"column":29}},"loc":{"start":{"line":144,"column":42},"end":{"line":171,"column":1}},"line":144},"10":{"name":"(anonymous_10)","decl":{"start":{"line":151,"column":4},"end":{"line":151,"column":5}},"loc":{"start":{"line":151,"column":26},"end":{"line":169,"column":5}},"line":151},"11":{"name":"(anonymous_11)","decl":{"start":{"line":161,"column":60},"end":{"line":161,"column":61}},"loc":{"start":{"line":161,"column":69},"end":{"line":168,"column":7}},"line":161}},"branchMap":{"0":{"loc":{"start":{"line":17,"column":2},"end":{"line":20,"column":3}},"type":"if","locations":[{"start":{"line":17,"column":2},"end":{"line":20,"column":3}},{"start":{},"end":{}}],"line":17},"1":{"loc":{"start":{"line":22,"column":2},"end":{"line":25,"column":3}},"type":"if","locations":[{"start":{"line":22,"column":2},"end":{"line":25,"column":3}},{"start":{},"end":{}}],"line":22},"2":{"loc":{"start":{"line":27,"column":2},"end":{"line":30,"column":3}},"type":"if","locations":[{"start":{"line":27,"column":2},"end":{"line":30,"column":3}},{"start":{},"end":{}}],"line":27},"3":{"loc":{"start":{"line":32,"column":2},"end":{"line":35,"column":3}},"type":"if","locations":[{"start":{"line":32,"column":2},"end":{"line":35,"column":3}},{"start":{},"end":{}}],"line":32},"4":{"loc":{"start":{"line":40,"column":4},"end":{"line":42,"column":5}},"type":"if","locations":[{"start":{"line":40,"column":4},"end":{"line":42,"column":5}},{"start":{},"end":{}}],"line":40},"5":{"loc":{"start":{"line":50,"column":2},"end":{"line":52,"column":3}},"type":"if","locations":[{"start":{"line":50,"column":2},"end":{"line":52,"column":3}},{"start":{},"end":{}}],"line":50},"6":{"loc":{"start":{"line":61,"column":6},"end":{"line":63,"column":7}},"type":"if","locations":[{"start":{"line":61,"column":6},"end":{"line":63,"column":7}},{"start":{},"end":{}}],"line":61},"7":{"loc":{"start":{"line":73,"column":10},"end":{"line":77,"column":11}},"type":"if","locations":[{"start":{"line":73,"column":10},"end":{"line":77,"column":11}},{"start":{},"end":{}}],"line":73},"8":{"loc":{"start":{"line":88,"column":2},"end":{"line":90,"column":3}},"type":"if","locations":[{"start":{"line":88,"column":2},"end":{"line":90,"column":3}},{"start":{},"end":{}}],"line":88},"9":{"loc":{"start":{"line":100,"column":6},"end":{"line":102,"column":7}},"type":"if","locations":[{"start":{"line":100,"column":6},"end":{"line":102,"column":7}},{"start":{},"end":{}}],"line":100},"10":{"loc":{"start":{"line":104,"column":6},"end":{"line":106,"column":7}},"type":"if","locations":[{"start":{"line":104,"column":6},"end":{"line":106,"column":7}},{"start":{},"end":{}}],"line":104},"11":{"loc":{"start":{"line":115,"column":10},"end":{"line":119,"column":11}},"type":"if","locations":[{"start":{"line":115,"column":10},"end":{"line":119,"column":11}},{"start":{},"end":{}}],"line":115},"12":{"loc":{"start":{"line":129,"column":14},"end":{"line":133,"column":15}},"type":"if","locations":[{"start":{"line":129,"column":14},"end":{"line":133,"column":15}},{"start":{},"end":{}}],"line":129},"13":{"loc":{"start":{"line":152,"column":6},"end":{"line":154,"column":7}},"type":"if","locations":[{"start":{"line":152,"column":6},"end":{"line":154,"column":7}},{"start":{},"end":{}}],"line":152},"14":{"loc":{"start":{"line":156,"column":6},"end":{"line":158,"column":7}},"type":"if","locations":[{"start":{"line":156,"column":6},"end":{"line":158,"column":7}},{"start":{},"end":{}}],"line":156},"15":{"loc":{"start":{"line":162,"column":8},"end":{"line":166,"column":9}},"type":"if","locations":[{"start":{"line":162,"column":8},"end":{"line":166,"column":9}},{"start":{},"end":{}}],"line":162}},"s":{"0":5,"1":5,"2":5,"3":3,"4":3,"5":3,"6":3,"7":0,"8":0,"9":3,"10":0,"11":0,"12":3,"13":1,"14":1,"15":3,"16":0,"17":0,"18":3,"19":3,"20":3,"21":0,"22":3,"23":5,"24":8,"25":8,"26":7,"27":1,"28":1,"29":1,"30":0,"31":1,"32":1,"33":0,"34":1,"35":5,"36":3,"37":3,"38":1,"39":2,"40":2,"41":2,"42":2,"43":0,"44":2,"45":1,"46":1,"47":1,"48":0,"49":1,"50":1,"51":0,"52":1,"53":5,"54":2,"55":2,"56":2,"57":0,"58":2,"59":1,"60":1,"61":1,"62":0,"63":1},"f":{"0":3,"1":3,"2":8,"3":1,"4":1,"5":3,"6":2,"7":1,"8":1,"9":2,"10":2,"11":1},"b":{"0":[0,3],"1":[0,3],"2":[1,2],"3":[0,3],"4":[0,3],"5":[7,1],"6":[0,1],"7":[0,1],"8":[1,2],"9":[0,2],"10":[1,1],"11":[0,1],"12":[0,1],"13":[0,2],"14":[1,1],"15":[0,1]},"_coverageSchema":"1a1c01bbd47fc00a2c39e90264f33305004495a9","hash":"285d2e4fbc983bf838796f2571ed28c5826b0a5b"}
,"/Users/richardgarcia/Documents/proyects/proyecto-psuia/backend/middleware/auth.js": {"path":"/Users/richardgarcia/Documents/proyects/proyecto-psuia/backend/middleware/auth.js","statementMap":{"0":{"start":{"line":1,"column":12},"end":{"line":1,"column":35}},"1":{"start":{"line":3,"column":23},"end":{"line":21,"column":1}},"2":{"start":{"line":4,"column":2},"end":{"line":20,"column":3}},"3":{"start":{"line":6,"column":18},"end":{"line":6,"column":58}},"4":{"start":{"line":8,"column":4},"end":{"line":12,"column":5}},"5":{"start":{"line":9,"column":6},"end":{"line":11,"column":69}},"6":{"start":{"line":15,"column":20},"end":{"line":15,"column":61}},"7":{"start":{"line":16,"column":4},"end":{"line":16,"column":32}},"8":{"start":{"line":17,"column":4},"end":{"line":17,"column":11}},"9":{"start":{"line":19,"column":4},"end":{"line":19,"column":73}},"10":{"start":{"line":23,"column":0},"end":{"line":23,"column":32}}},"fnMap":{"0":{"name":"(anonymous_0)","decl":{"start":{"line":3,"column":23},"end":{"line":3,"column":24}},"loc":{"start":{"line":3,"column":43},"end":{"line":21,"column":1}},"line":3}},"branchMap":{"0":{"loc":{"start":{"line":8,"column":4},"end":{"line":12,"column":5}},"type":"if","locations":[{"start":{"line":8,"column":4},"end":{"line":12,"column":5}},{"start":{},"end":{}}],"line":8}},"s":{"0":6,"1":6,"2":56,"3":56,"4":56,"5":10,"6":46,"7":42,"8":42,"9":4,"10":6},"f":{"0":56},"b":{"0":[10,46]},"_coverageSchema":"1a1c01bbd47fc00a2c39e90264f33305004495a9","hash":"c549129f49caac1ad6ce34cc2638a2bcb62d2026"}
,"/Users/richardgarcia/Documents/proyects/proyecto-psuia/backend/routes/authRoutes.js": {"path":"/Users/richardgarcia/Documents/proyects/proyecto-psuia/backend/routes/authRoutes.js","statementMap":{"0":{"start":{"line":1,"column":16},"end":{"line":1,"column":34}},"1":{"start":{"line":2,"column":15},"end":{"line":2,"column":31}},"2":{"start":{"line":3,"column":17},"end":{"line":3,"column":45}},"3":{"start":{"line":4,"column":23},"end":{"line":4,"column":63}},"4":{"start":{"line":5,"column":23},"end":{"line":5,"column":52}},"5":{"start":{"line":8,"column":0},"end":{"line":22,"column":2}},"6":{"start":{"line":25,"column":0},"end":{"line":32,"column":2}},"7":{"start":{"line":35,"column":0},"end":{"line":35,"column":66}},"8":{"start":{"line":37,"column":0},"end":{"line":37,"column":24}}},"fnMap":{},"branchMap":{},"s":{"0":5,"1":5,"2":5,"3":5,"4":5,"5":5,"6":5,"7":5,"8":5},"f":{},"b":{},"_coverageSchema":"1a1c01bbd47fc00a2c39e90264f33305004495a9","hash":"1ec5143f7f4281f4ce0e0abf4d19276a125fa746"}
,"/Users/richardgarcia/Documents/proyects/proyecto-psuia/backend/routes/budgetRoutes.js": {"path":"/Users/richardgarcia/Documents/proyects/proyecto-psuia/backend/routes/budgetRoutes.js","statementMap":{"0":{"start":{"line":1,"column":16},"end":{"line":1,"column":34}},"1":{"start":{"line":2,"column":15},"end":{"line":2,"column":31}},"2":{"start":{"line":3,"column":17},"end":{"line":3,"column":45}},"3":{"start":{"line":4,"column":25},"end":{"line":4,"column":67}},"4":{"start":{"line":5,"column":23},"end":{"line":5,"column":52}},"5":{"start":{"line":8,"column":0},"end":{"line":8,"column":27}},"6":{"start":{"line":11,"column":0},"end":{"line":11,"column":45}},"7":{"start":{"line":14,"column":0},"end":{"line":14,"column":60}},"8":{"start":{"line":17,"column":0},"end":{"line":28,"column":2}},"9":{"start":{"line":31,"column":0},"end":{"line":31,"column":53}},"10":{"start":{"line":33,"column":0},"end":{"line":33,"column":24}}},"fnMap":{},"branchMap":{},"s":{"0":5,"1":5,"2":5,"3":5,"4":5,"5":5,"6":5,"7":5,"8":5,"9":5,"10":5},"f":{},"b":{},"_coverageSchema":"1a1c01bbd47fc00a2c39e90264f33305004495a9","hash":"a5e17345571261bed9e4b4d6e41381c54f7c179d"}
,"/Users/richardgarcia/Documents/proyects/proyecto-psuia/backend/routes/categoryRoutes.js": {"path":"/Users/richardgarcia/Documents/proyects/proyecto-psuia/backend/routes/categoryRoutes.js","statementMap":{"0":{"start":{"line":1,"column":16},"end":{"line":1,"column":34}},"1":{"start":{"line":2,"column":15},"end":{"line":2,"column":31}},"2":{"start":{"line":3,"column":27},"end":{"line":3,"column":71}},"3":{"start":{"line":4,"column":23},"end":{"line":4,"column":52}},"4":{"start":{"line":7,"column":0},"end":{"line":7,"column":66}},"5":{"start":{"line":9,"column":0},"end":{"line":9,"column":24}}},"fnMap":{},"branchMap":{},"s":{"0":5,"1":5,"2":5,"3":5,"4":5,"5":5},"f":{},"b":{},"_coverageSchema":"1a1c01bbd47fc00a2c39e90264f33305004495a9","hash":"261fe45b2e026677d686ef21022c39fb7546e3e9"}
,"/Users/richardgarcia/Documents/proyects/proyecto-psuia/backend/routes/dashboardRoutes.js": {"path":"/Users/richardgarcia/Documents/proyects/proyecto-psuia/backend/routes/dashboardRoutes.js","statementMap":{"0":{"start":{"line":1,"column":16},"end":{"line":1,"column":34}},"1":{"start":{"line":2,"column":15},"end":{"line":2,"column":31}},"2":{"start":{"line":3,"column":28},"end":{"line":3,"column":73}},"3":{"start":{"line":4,"column":23},"end":{"line":4,"column":52}},"4":{"start":{"line":7,"column":0},"end":{"line":7,"column":80}},"5":{"start":{"line":9,"column":0},"end":{"line":9,"column":24}}},"fnMap":{},"branchMap":{},"s":{"0":5,"1":5,"2":5,"3":5,"4":5,"5":5},"f":{},"b":{},"_coverageSchema":"1a1c01bbd47fc00a2c39e90264f33305004495a9","hash":"e8d4bf8cf679a9b2cce517f9cd5056feb963b5c5"}
,"/Users/richardgarcia/Documents/proyects/proyecto-psuia/backend/routes/transactionRoutes.js": {"path":"/Users/richardgarcia/Documents/proyects/proyecto-psuia/backend/routes/transactionRoutes.js","statementMap":{"0":{"start":{"line":1,"column":16},"end":{"line":1,"column":34}},"1":{"start":{"line":2,"column":15},"end":{"line":2,"column":31}},"2":{"start":{"line":3,"column":17},"end":{"line":3,"column":45}},"3":{"start":{"line":4,"column":30},"end":{"line":4,"column":77}},"4":{"start":{"line":5,"column":23},"end":{"line":5,"column":52}},"5":{"start":{"line":8,"column":0},"end":{"line":8,"column":27}},"6":{"start":{"line":11,"column":0},"end":{"line":11,"column":55}},"7":{"start":{"line":14,"column":0},"end":{"line":26,"column":2}},"8":{"start":{"line":29,"column":0},"end":{"line":41,"column":2}},"9":{"start":{"line":44,"column":0},"end":{"line":44,"column":63}},"10":{"start":{"line":46,"column":0},"end":{"line":46,"column":24}}},"fnMap":{},"branchMap":{},"s":{"0":5,"1":5,"2":5,"3":5,"4":5,"5":5,"6":5,"7":5,"8":5,"9":5,"10":5},"f":{},"b":{},"_coverageSchema":"1a1c01bbd47fc00a2c39e90264f33305004495a9","hash":"51970e9cca8233fb0600dba38636d7d1fae0f30c"}
}
