TN:
SF:controllers/authController.js
FN:7,(anonymous_0)
FN:21,(anonymous_1)
FN:37,(anonymous_2)
FN:70,(anonymous_3)
FN:83,(anonymous_4)
FN:124,(anonymous_5)
FN:128,(anonymous_6)
FNF:7
FNH:7
FNDA:22,(anonymous_0)
FNDA:15,(anonymous_1)
FNDA:14,(anonymous_2)
FNDA:5,(anonymous_3)
FNDA:3,(anonymous_4)
FNDA:1,(anonymous_5)
FNDA:1,(anonymous_6)
DA:1,5
DA:2,5
DA:3,5
DA:4,5
DA:7,5
DA:8,22
DA:10,22
DA:11,22
DA:12,7
DA:15,15
DA:18,15
DA:22,15
DA:23,0
DA:26,15
DA:27,1
DA:31,14
DA:34,14
DA:38,14
DA:39,0
DA:45,14
DA:51,14
DA:65,0
DA:70,5
DA:71,5
DA:72,5
DA:73,5
DA:74,2
DA:77,3
DA:80,3
DA:84,3
DA:85,0
DA:88,3
DA:89,1
DA:93,2
DA:98,2
DA:99,1
DA:103,1
DA:107,1
DA:119,0
DA:124,5
DA:125,1
DA:129,1
DA:130,0
DA:133,1
DA:134,0
DA:137,1
LF:46
LH:39
BRDA:11,0,0,7
BRDA:11,0,1,15
BRDA:22,1,0,0
BRDA:22,1,1,15
BRDA:26,2,0,1
BRDA:26,2,1,14
BRDA:38,3,0,0
BRDA:38,3,1,14
BRDA:73,4,0,2
BRDA:73,4,1,3
BRDA:84,5,0,0
BRDA:84,5,1,3
BRDA:88,6,0,1
BRDA:88,6,1,2
BRDA:98,7,0,1
BRDA:98,7,1,1
BRDA:129,8,0,0
BRDA:129,8,1,1
BRDA:133,9,0,0
BRDA:133,9,1,1
BRF:20
BRH:15
end_of_record
TN:
SF:controllers/budgetController.js
FN:5,(anonymous_0)
FN:24,(anonymous_1)
FN:33,(anonymous_2)
FN:45,(anonymous_3)
FN:57,(anonymous_4)
FN:72,(anonymous_5)
FN:87,(anonymous_6)
FN:93,(anonymous_7)
FN:102,(anonymous_8)
FN:115,(anonymous_9)
FN:132,(anonymous_10)
FN:144,(anonymous_11)
FN:151,(anonymous_12)
FN:156,(anonymous_13)
FN:171,(anonymous_14)
FN:173,(anonymous_15)
FN:194,getBudgetById
FN:201,(anonymous_17)
FNF:18
FNH:18
FNDA:2,(anonymous_0)
FNDA:2,(anonymous_1)
FNDA:8,(anonymous_2)
FNDA:3,(anonymous_3)
FNDA:1,(anonymous_4)
FNDA:2,(anonymous_5)
FNDA:2,(anonymous_6)
FNDA:2,(anonymous_7)
FNDA:1,(anonymous_8)
FNDA:3,(anonymous_9)
FNDA:1,(anonymous_10)
FNDA:1,(anonymous_11)
FNDA:1,(anonymous_12)
FNDA:1,(anonymous_13)
FNDA:1,(anonymous_14)
FNDA:1,(anonymous_15)
FNDA:3,getBudgetById
FNDA:3,(anonymous_17)
DA:1,5
DA:2,5
DA:5,5
DA:6,2
DA:8,2
DA:15,2
DA:17,2
DA:18,0
DA:19,0
DA:22,2
DA:24,2
DA:25,2
DA:26,0
DA:28,2
DA:33,5
DA:34,8
DA:35,8
DA:36,5
DA:39,3
DA:42,3
DA:46,3
DA:47,0
DA:50,3
DA:52,1
DA:58,1
DA:59,0
DA:63,1
DA:68,2
DA:73,2
DA:74,0
DA:78,2
DA:87,5
DA:88,2
DA:90,2
DA:94,2
DA:95,0
DA:98,2
DA:99,1
DA:102,1
DA:103,1
DA:104,0
DA:108,1
DA:115,5
DA:116,3
DA:118,3
DA:119,2
DA:122,1
DA:123,1
DA:126,1
DA:133,1
DA:134,0
DA:138,1
DA:145,1
DA:146,0
DA:150,1
DA:151,1
DA:152,1
DA:156,1
DA:157,1
DA:158,1
DA:159,1
DA:161,1
DA:171,1
DA:172,1
DA:173,1
DA:177,1
DA:195,3
DA:202,3
DA:203,0
DA:205,3
LF:70
LH:59
BRDA:17,0,0,0
BRDA:17,0,1,2
BRDA:17,1,0,2
BRDA:17,1,1,0
BRDA:25,2,0,0
BRDA:25,2,1,2
BRDA:35,3,0,5
BRDA:35,3,1,3
BRDA:46,4,0,0
BRDA:46,4,1,3
BRDA:50,5,0,1
BRDA:50,5,1,2
BRDA:58,6,0,0
BRDA:58,6,1,1
BRDA:73,7,0,0
BRDA:73,7,1,2
BRDA:94,8,0,0
BRDA:94,8,1,2
BRDA:98,9,0,1
BRDA:98,9,1,1
BRDA:103,10,0,0
BRDA:103,10,1,1
BRDA:118,11,0,2
BRDA:118,11,1,1
BRDA:118,12,0,3
BRDA:118,12,1,2
BRDA:133,13,0,0
BRDA:133,13,1,1
BRDA:145,14,0,0
BRDA:145,14,1,1
BRDA:157,15,0,1
BRDA:157,15,1,0
BRDA:184,16,0,1
BRDA:184,16,1,0
BRDA:202,17,0,0
BRDA:202,17,1,3
BRF:36
BRH:23
end_of_record
TN:
SF:controllers/categoryController.js
FN:4,(anonymous_0)
FN:17,(anonymous_1)
FNF:2
FNH:2
FNDA:3,(anonymous_0)
FNDA:3,(anonymous_1)
DA:1,5
DA:4,5
DA:5,3
DA:7,3
DA:8,3
DA:10,3
DA:11,0
DA:12,0
DA:15,3
DA:17,3
DA:18,3
DA:19,0
DA:21,3
LF:13
LH:10
BRDA:10,0,0,0
BRDA:10,0,1,3
BRDA:18,1,0,0
BRDA:18,1,1,3
BRF:4
BRH:2
end_of_record
TN:
SF:controllers/dashboardController.js
FN:4,(anonymous_0)
FN:29,(anonymous_1)
FN:47,(anonymous_2)
FN:63,(anonymous_3)
FN:79,(anonymous_4)
FNF:5
FNH:5
FNDA:4,(anonymous_0)
FNDA:4,(anonymous_1)
FNDA:4,(anonymous_2)
FNDA:4,(anonymous_3)
FNDA:4,(anonymous_4)
DA:1,5
DA:4,5
DA:5,4
DA:7,4
DA:8,4
DA:10,4
DA:11,0
DA:12,0
DA:13,4
DA:14,0
DA:15,0
DA:16,4
DA:17,0
DA:18,0
DA:22,4
DA:30,4
DA:31,0
DA:34,4
DA:35,4
DA:36,4
DA:39,4
DA:48,4
DA:49,0
DA:55,4
DA:64,4
DA:65,0
DA:71,4
DA:80,4
DA:81,0
DA:88,4
LF:30
LH:20
BRDA:10,0,0,0
BRDA:10,0,1,4
BRDA:10,1,0,4
BRDA:10,1,1,0
BRDA:13,2,0,0
BRDA:13,2,1,4
BRDA:16,3,0,0
BRDA:16,3,1,4
BRDA:30,4,0,0
BRDA:30,4,1,4
BRDA:34,5,0,4
BRDA:34,5,1,3
BRDA:35,6,0,4
BRDA:35,6,1,1
BRDA:48,7,0,0
BRDA:48,7,1,4
BRDA:64,8,0,0
BRDA:64,8,1,4
BRDA:80,9,0,0
BRDA:80,9,1,4
BRF:20
BRH:12
end_of_record
TN:
SF:controllers/transactionController.js
FN:5,(anonymous_0)
FN:39,(anonymous_1)
FN:48,(anonymous_2)
FN:60,(anonymous_3)
FN:72,(anonymous_4)
FN:86,(anonymous_5)
FN:99,(anonymous_6)
FN:114,(anonymous_7)
FN:128,(anonymous_8)
FN:144,(anonymous_9)
FN:151,(anonymous_10)
FN:161,(anonymous_11)
FNF:12
FNH:12
FNDA:3,(anonymous_0)
FNDA:3,(anonymous_1)
FNDA:8,(anonymous_2)
FNDA:1,(anonymous_3)
FNDA:1,(anonymous_4)
FNDA:3,(anonymous_5)
FNDA:2,(anonymous_6)
FNDA:1,(anonymous_7)
FNDA:1,(anonymous_8)
FNDA:2,(anonymous_9)
FNDA:2,(anonymous_10)
FNDA:1,(anonymous_11)
DA:1,5
DA:2,5
DA:5,5
DA:6,3
DA:8,3
DA:15,3
DA:17,3
DA:18,0
DA:19,0
DA:22,3
DA:23,0
DA:24,0
DA:27,3
DA:28,1
DA:29,1
DA:32,3
DA:33,0
DA:34,0
DA:37,3
DA:39,3
DA:40,3
DA:41,0
DA:43,3
DA:48,5
DA:49,8
DA:50,8
DA:51,7
DA:54,1
DA:56,1
DA:61,1
DA:62,0
DA:66,1
DA:73,1
DA:74,0
DA:78,1
DA:86,5
DA:87,3
DA:88,3
DA:89,1
DA:92,2
DA:93,2
DA:96,2
DA:100,2
DA:101,0
DA:104,2
DA:105,1
DA:109,1
DA:115,1
DA:116,0
DA:122,1
DA:129,1
DA:130,0
DA:134,1
DA:144,5
DA:145,2
DA:148,2
DA:152,2
DA:153,0
DA:156,2
DA:157,1
DA:161,1
DA:162,1
DA:163,0
DA:167,1
LF:64
LH:50
BRDA:17,0,0,0
BRDA:17,0,1,3
BRDA:22,1,0,0
BRDA:22,1,1,3
BRDA:27,2,0,1
BRDA:27,2,1,2
BRDA:32,3,0,0
BRDA:32,3,1,3
BRDA:40,4,0,0
BRDA:40,4,1,3
BRDA:50,5,0,7
BRDA:50,5,1,1
BRDA:61,6,0,0
BRDA:61,6,1,1
BRDA:73,7,0,0
BRDA:73,7,1,1
BRDA:88,8,0,1
BRDA:88,8,1,2
BRDA:100,9,0,0
BRDA:100,9,1,2
BRDA:104,10,0,1
BRDA:104,10,1,1
BRDA:115,11,0,0
BRDA:115,11,1,1
BRDA:129,12,0,0
BRDA:129,12,1,1
BRDA:152,13,0,0
BRDA:152,13,1,2
BRDA:156,14,0,1
BRDA:156,14,1,1
BRDA:162,15,0,0
BRDA:162,15,1,1
BRF:32
BRH:21
end_of_record
TN:
SF:middleware/auth.js
FN:3,(anonymous_0)
FNF:1
FNH:1
FNDA:56,(anonymous_0)
DA:1,6
DA:3,6
DA:4,56
DA:6,56
DA:8,56
DA:9,10
DA:15,46
DA:16,42
DA:17,42
DA:19,4
DA:23,6
LF:11
LH:11
BRDA:8,0,0,10
BRDA:8,0,1,46
BRF:2
BRH:2
end_of_record
TN:
SF:routes/authRoutes.js
FNF:0
FNH:0
DA:1,5
DA:2,5
DA:3,5
DA:4,5
DA:5,5
DA:8,5
DA:25,5
DA:35,5
DA:37,5
LF:9
LH:9
BRF:0
BRH:0
end_of_record
TN:
SF:routes/budgetRoutes.js
FNF:0
FNH:0
DA:1,5
DA:2,5
DA:3,5
DA:4,5
DA:5,5
DA:8,5
DA:11,5
DA:14,5
DA:17,5
DA:31,5
DA:33,5
LF:11
LH:11
BRF:0
BRH:0
end_of_record
TN:
SF:routes/categoryRoutes.js
FNF:0
FNH:0
DA:1,5
DA:2,5
DA:3,5
DA:4,5
DA:7,5
DA:9,5
LF:6
LH:6
BRF:0
BRH:0
end_of_record
TN:
SF:routes/dashboardRoutes.js
FNF:0
FNH:0
DA:1,5
DA:2,5
DA:3,5
DA:4,5
DA:7,5
DA:9,5
LF:6
LH:6
BRF:0
BRH:0
end_of_record
TN:
SF:routes/transactionRoutes.js
FNF:0
FNH:0
DA:1,5
DA:2,5
DA:3,5
DA:4,5
DA:5,5
DA:8,5
DA:11,5
DA:14,5
DA:29,5
DA:44,5
DA:46,5
LF:11
LH:11
BRF:0
BRH:0
end_of_record
